============================= test session starts ==============================
platform linux -- Python 3.12.11, pytest-8.4.1, pluggy-1.6.0 -- /home/jules/.pyenv/versions/3.12.11/bin/python
cachedir: .pytest_cache
rootdir: /app
configfile: pytest.ini
plugins: asyncio-1.0.0, anyio-4.9.0, mock-3.14.1
asyncio: mode=Mode.AUTO, asyncio_default_fixture_loop_scope=function, asyncio_default_test_loop_scope=function
collecting ... collected 853 items

tests/api/routers/test_auth.py::test_discord_callback_success PASSED     [  0%]
tests/api/routers/test_auth.py::test_discord_callback_missing_redirect_url_config PASSED [  0%]
tests/api/routers/test_auth.py::test_set_active_guild_success PASSED     [  0%]
tests/api/routers/test_auth.py::test_set_active_guild_forbidden PASSED   [  0%]
tests/api/routers/test_auth.py::test_set_active_guild_no_accessible_guilds_in_token PASSED [  0%]
tests/api/routers/test_auth.py::test_set_active_guild_forbidden_empty_list PASSED [  0%]
tests/api/routers/test_auth.py::test_logout_success PASSED               [  0%]
tests/api/routers/test_auth.py::test_logout_no_token PASSED              [  0%]
tests/api/routers/test_auth.py::test_get_current_active_guild_id_success PASSED [  1%]
tests/api/routers/test_auth.py::test_get_current_active_guild_id_not_set PASSED [  1%]
tests/api/routers/test_auth.py::test_get_current_active_guild_id_missing_token PASSED [  1%]
tests/api/routers/test_auth.py::test_discord_login_redirect PASSED       [  1%]
tests/api/routers/test_auth.py::test_discord_login_missing_config PASSED [  1%]
tests/api/routers/test_auth.py::test_get_me_guilds_success PASSED        [  1%]
tests/api/routers/test_auth.py::test_get_me_guilds_no_guilds_in_token PASSED [  1%]
tests/api/routers/test_auth.py::test_get_session_active_guild_success PASSED [  1%]
tests/api/routers/test_auth.py::test_get_session_active_guild_not_set PASSED [  1%]
tests/api/routers/test_auth.py::test_discord_callback_token_exchange_error PASSED [  2%]
tests/api/routers/test_auth.py::test_discord_callback_user_info_error PASSED [  2%]
tests/api/routers/test_auth.py::test_discord_callback_master_user_creation_details PASSED [  2%]
tests/bot/api/test_commands_api.py::test_list_bot_commands_success_empty PASSED [  2%]
tests/bot/api/test_commands_api.py::test_list_bot_commands_success_with_data_and_lang PASSED [  2%]
tests/bot/api/test_commands_api.py::test_list_bot_commands_uses_default_language_if_none_provided PASSED [  2%]
tests/bot/api/test_commands_api.py::test_list_bot_commands_internal_error PASSED [  2%]
tests/bot/api/test_commands_api.py::test_list_bot_commands_bot_not_available PASSED [  2%]
tests/bot/commands/master_commands/test_master_conflict_commands.py::test_resolve_conflict_triggers_reprocessing_when_no_other_conflicts PASSED [  3%]
tests/bot/commands/master_commands/test_master_conflict_commands.py::test_resolve_conflict_does_not_trigger_reprocessing_if_others_remain PASSED [  3%]
tests/bot/commands/master_commands/test_master_player_commands.py::test_master_player_create_success PASSED [  3%]
tests/bot/commands/master_commands/test_master_player_commands.py::test_master_player_create_handles_guild_none PASSED [  3%]
tests/bot/commands/master_commands/test_master_player_commands.py::test_master_player_create_with_attributes_json PASSED [  3%]
tests/bot/commands/master_commands/test_master_player_commands.py::test_master_player_create_bad_attributes_json PASSED [  3%]
tests/bot/commands/master_commands/test_master_simulation_tools_cog.py::TestMasterSimulationToolsCog::test_simulate_check_actor_not_found PASSED [  3%]
tests/bot/commands/master_commands/test_master_simulation_tools_cog.py::TestMasterSimulationToolsCog::test_simulate_check_command_success PASSED [  3%]
tests/bot/commands/master_commands/test_master_simulation_tools_cog.py::TestMasterSimulationToolsCog::test_simulate_check_invalid_json_context PASSED [  3%]
tests/bot/commands/master_commands/test_master_simulation_tools_cog.py::TestMasterSimulationToolsCog::test_simulate_combat_action_command_success PASSED [  4%]
tests/bot/commands/master_commands/test_monitoring_master_commands.py::TestMasterMonitoringCog::test_entities_view_player_found PASSED [  4%]
tests/bot/commands/master_commands/test_monitoring_master_commands.py::TestMasterMonitoringCog::test_log_list_empty PASSED [  4%]
tests/bot/commands/master_commands/test_monitoring_master_commands.py::TestMasterMonitoringCog::test_log_list_success PASSED [  4%]
tests/bot/commands/master_commands/test_monitoring_master_commands.py::TestMasterMonitoringCog::test_log_view_found PASSED [  4%]
tests/bot/commands/master_commands/test_monitoring_master_commands.py::TestMasterMonitoringCog::test_log_view_not_found PASSED [  4%]
tests/bot/commands/master_commands/test_monitoring_master_commands.py::TestMasterMonitoringCog::test_map_list_locations_success PASSED [  4%]
tests/bot/commands/master_commands/test_monitoring_master_commands.py::TestMasterMonitoringCog::test_worldstate_get_found PASSED [  4%]
tests/bot/commands/master_commands/test_quest_master_commands.py::test_progress_create_success_player PASSED [  5%]
tests/bot/commands/master_commands/test_quest_master_commands.py::test_progress_create_error_no_owner PASSED [  5%]
tests/bot/commands/master_commands/test_quest_master_commands.py::test_progress_create_error_quest_not_found PASSED [  5%]
tests/bot/commands/master_commands/test_quest_master_commands.py::test_progress_create_error_step_not_found PASSED [  5%]
tests/bot/commands/master_commands/test_quest_master_commands.py::test_progress_create_error_already_exists PASSED [  5%]
tests/bot/commands/master_commands/test_quest_master_commands.py::test_progress_create_guild_only_command PASSED [  5%]
tests/bot/commands/master_commands/test_quest_master_commands.py::test_progress_create_error_both_player_and_party_ids PASSED [  5%]
tests/bot/commands/master_commands/test_quest_master_commands.py::test_progress_create_invalid_status_string PASSED [  5%]
tests/bot/commands/master_commands/test_quest_master_commands.py::test_progress_create_invalid_progress_data_json PASSED [  5%]
tests/bot/commands/master_commands/test_quest_master_commands.py::test_progress_create_invalid_accepted_at_iso_format PASSED [  6%]
tests/bot/commands/master_commands/test_quest_master_commands.py::test_progress_create_db_error_on_create PASSED [  6%]
tests/bot/commands/master_commands/test_quest_master_commands.py::test_progress_create_success_party PASSED [  6%]
tests/bot/commands/test_character_commands.py::test_levelup_command_success PASSED [  6%]
tests/bot/commands/test_character_commands.py::test_levelup_command_no_unspent_xp PASSED [  6%]
tests/bot/commands/test_character_commands.py::test_levelup_command_api_error_not_enough_points PASSED [  6%]
tests/bot/commands/test_character_commands.py::test_levelup_command_player_not_found PASSED [  6%]
tests/bot/commands/test_character_commands.py::test_levelup_command_message_formatting_fallback PASSED [  6%]
tests/bot/commands/test_character_commands.py::test_levelup_command_message_formatting_key_error PASSED [  7%]
tests/bot/commands/test_character_commands.py::test_levelup_command_calls_internal PASSED [  7%]
tests/bot/commands/test_general_commands.py::TestGeneralCommands::test_start_command_existing_player PASSED [  7%]
tests/bot/commands/test_general_commands.py::TestGeneralCommands::test_start_command_new_player PASSED [  7%]
tests/bot/commands/test_general_commands.py::TestGeneralCommands::test_start_command_no_default_start_location_found PASSED [  7%]
tests/bot/commands/test_general_commands.py::TestGeneralCommands::test_start_command_no_guild PASSED [  7%]
tests/bot/commands/test_map_commands.py::test_generate_location_command_success PASSED [  7%]
tests/bot/commands/test_map_commands.py::test_generate_location_command_api_error PASSED [  7%]
tests/bot/commands/test_map_commands.py::test_add_location_command_success PASSED [  7%]
tests/bot/commands/test_map_commands.py::test_add_location_command_invalid_json PASSED [  8%]
tests/bot/commands/test_map_commands.py::test_remove_location_command_success PASSED [  8%]
tests/bot/commands/test_map_commands.py::test_connect_locations_command_success PASSED [  8%]
tests/bot/commands/test_map_commands.py::test_disconnect_locations_command_success PASSED [  8%]
tests/bot/commands/test_map_commands.py::test_map_master_cog_check_no_permission PASSED [  8%]
tests/bot/commands/test_map_commands.py::test_map_master_cog_check_is_master_id PASSED [  8%]
tests/bot/commands/test_party_commands.py::TestPartyCommands::test_party_create_player_already_in_party PASSED [  8%]
tests/bot/commands/test_party_commands.py::TestPartyCommands::test_party_create_success PASSED [  8%]
tests/bot/commands/test_party_commands.py::TestPartyCommands::test_party_disband_success PASSED [  9%]
tests/bot/commands/test_party_commands.py::TestPartyCommands::test_party_join_moves_player_location FAILED [  9%]
tests/bot/commands/test_party_commands.py::TestPartyCommands::test_party_join_success_by_name FAILED [  9%]
tests/bot/commands/test_party_commands.py::TestPartyCommands::test_party_leave_success_and_disband PASSED [  9%]
tests/bot/test_events.py::test_ensure_guild_config_exists_new_guild PASSED [  9%]
tests/bot/test_events.py::test_ensure_guild_config_exists_existing_guild PASSED [  9%]
tests/core/crud/test_crud_base_definitions.py::test_get_many_by_ids_success_no_guild PASSED [  9%]
tests/core/crud/test_crud_base_definitions.py::test_get_many_by_ids_success_with_guild PASSED [  9%]
tests/core/crud/test_crud_base_definitions.py::test_get_many_by_ids_some_not_found PASSED [  9%]
tests/core/crud/test_crud_base_definitions.py::test_get_many_by_ids_all_not_found PASSED [ 10%]
tests/core/crud/test_crud_base_definitions.py::test_get_many_by_ids_empty_list_input PASSED [ 10%]
tests/core/crud/test_crud_base_definitions.py::test_get_many_by_ids_model_no_pk_logs_error PASSED [ 10%]
tests/core/crud/test_crud_base_definitions.py::test_get_many_by_ids_with_static_id_pk PASSED [ 10%]
tests/core/crud/test_crud_faction.py::TestCRUDFaction::test_create_faction PASSED [ 10%]
tests/core/crud/test_crud_faction.py::TestCRUDFaction::test_delete_faction PASSED [ 10%]
tests/core/crud/test_crud_faction.py::TestCRUDFaction::test_get_faction_by_id PASSED [ 10%]
tests/core/crud/test_crud_faction.py::TestCRUDFaction::test_get_faction_by_static_id PASSED [ 10%]
tests/core/crud/test_crud_faction.py::TestCRUDFaction::test_get_multi_by_guild_id PASSED [ 11%]
tests/core/crud/test_crud_faction.py::TestCRUDFaction::test_update_faction PASSED [ 11%]
tests/core/crud/test_crud_inventory_item.py::TestCRUDInventoryItem::test_add_item_to_owner_new_item PASSED [ 11%]
tests/core/crud/test_crud_inventory_item.py::TestCRUDInventoryItem::test_add_item_to_owner_stack_existing PASSED [ 11%]
tests/core/crud/test_crud_inventory_item.py::TestCRUDInventoryItem::test_create_inventory_item PASSED [ 11%]
tests/core/crud/test_crud_inventory_item.py::TestCRUDInventoryItem::test_get_inventory_for_owner PASSED [ 11%]
tests/core/crud/test_crud_inventory_item.py::TestCRUDInventoryItem::test_remove_item_from_owner_decrease_quantity PASSED [ 11%]
tests/core/crud/test_crud_inventory_item.py::TestCRUDInventoryItem::test_remove_item_from_owner_delete_stack PASSED [ 11%]
tests/core/crud/test_crud_inventory_item.py::TestCRUDInventoryItem::test_remove_item_from_owner_item_not_found PASSED [ 11%]
tests/core/crud/test_crud_item.py::TestCRUDItem::test_create_item PASSED [ 12%]
tests/core/crud/test_crud_item.py::TestCRUDItem::test_get_by_static_id PASSED [ 12%]
tests/core/crud/test_crud_item.py::TestCRUDItem::test_get_item PASSED    [ 12%]
tests/core/crud/test_crud_item.py::TestCRUDItem::test_get_item_not_found PASSED [ 12%]
tests/core/crud/test_crud_item.py::TestCRUDItem::test_get_item_wrong_guild PASSED [ 12%]
tests/core/crud/test_crud_item.py::TestCRUDItem::test_get_multi_item PASSED [ 12%]
tests/core/crud/test_crud_item.py::TestCRUDItem::test_remove_item PASSED [ 12%]
tests/core/crud/test_crud_item.py::TestCRUDItem::test_update_item PASSED [ 12%]
tests/core/crud/test_crud_party.py::TestCRUDParty::test_add_player_to_party_json PASSED [ 13%]
tests/core/crud/test_crud_party.py::TestCRUDParty::test_create_party PASSED [ 13%]
tests/core/crud/test_crud_party.py::TestCRUDParty::test_delete_party PASSED [ 13%]
tests/core/crud/test_crud_party.py::TestCRUDParty::test_get_party_by_name PASSED [ 13%]
tests/core/crud/test_crud_party.py::TestCRUDParty::test_remove_player_from_party_json PASSED [ 13%]
tests/core/crud/test_crud_party.py::TestCRUDParty::test_update_party PASSED [ 13%]
tests/core/crud/test_crud_party_npc_memory.py::TestCRUDPartyNpcMemory::test_create_party_npc_memory XFAIL [ 13%]
tests/core/crud/test_crud_party_npc_memory.py::TestCRUDPartyNpcMemory::test_get_party_npc_memory XFAIL [ 13%]
tests/core/crud/test_crud_party_npc_memory.py::TestCRUDPartyNpcMemory::test_get_multi_by_party_and_npc XFAIL [ 13%]
tests/core/crud/test_crud_party_npc_memory.py::TestCRUDPartyNpcMemory::test_get_multi_by_party XFAIL [ 14%]
tests/core/crud/test_crud_party_npc_memory.py::TestCRUDPartyNpcMemory::test_get_multi_by_npc XFAIL [ 14%]
tests/core/crud/test_crud_party_npc_memory.py::TestCRUDPartyNpcMemory::test_update_party_npc_memory XFAIL [ 14%]
tests/core/crud/test_crud_party_npc_memory.py::TestCRUDPartyNpcMemory::test_delete_party_npc_memory XFAIL [ 14%]
tests/core/crud/test_crud_party_npc_memory.py::TestCRUDPartyNpcMemory::test_get_count_for_filters XFAIL [ 14%]
tests/core/crud/test_crud_player.py::TestCRUDPlayer::test_create_player_with_defaults PASSED [ 14%]
tests/core/crud/test_crud_player.py::TestCRUDPlayer::test_create_player_with_defaults_no_base_attributes_rule PASSED [ 14%]
tests/core/crud/test_crud_player.py::TestCRUDPlayer::test_create_player_with_defaults_with_base_attributes_rule PASSED [ 14%]
tests/core/crud/test_crud_player.py::TestCRUDPlayer::test_delete_player PASSED [ 15%]
tests/core/crud/test_crud_player.py::TestCRUDPlayer::test_get_by_id_and_guild PASSED [ 15%]
tests/core/crud/test_crud_player.py::TestCRUDPlayer::test_get_multi_by_location PASSED [ 15%]
tests/core/crud/test_crud_player.py::TestCRUDPlayer::test_get_multi_by_party_id PASSED [ 15%]
tests/core/crud/test_crud_player.py::TestCRUDPlayer::test_get_player_by_discord_id PASSED [ 15%]
tests/core/crud/test_crud_player.py::TestCRUDPlayer::test_update_player PASSED [ 15%]
tests/core/crud/test_crud_quest.py::TestQuestCrud::test_create_questline PASSED [ 15%]
tests/core/crud/test_crud_quest.py::TestQuestCrud::test_get_all_player_quest_progress_for_party PASSED [ 15%]
tests/core/crud/test_crud_quest.py::TestQuestCrud::test_get_all_player_quest_progress_for_player PASSED [ 15%]
tests/core/crud/test_crud_quest.py::TestQuestCrud::test_get_all_quest_steps_for_quest PASSED [ 16%]
tests/core/crud/test_crud_quest.py::TestQuestCrud::test_get_generated_quest_by_static_id PASSED [ 16%]
tests/core/crud/test_crud_quest.py::TestQuestCrud::test_get_player_quest_progress_by_party_and_quest PASSED [ 16%]
tests/core/crud/test_crud_quest.py::TestQuestCrud::test_get_player_quest_progress_by_player_and_quest PASSED [ 16%]
tests/core/crud/test_crud_quest.py::TestQuestCrud::test_get_quest_step_by_quest_id_and_order PASSED [ 16%]
tests/core/crud/test_crud_quest.py::TestQuestCrud::test_get_questline_by_static_id PASSED [ 16%]
tests/core/test_ability_system.py::test_activate_ability_simple_damage PASSED [ 16%]
tests/core/test_ability_system.py::test_activate_ability_not_enough_resources PASSED [ 16%]
tests/core/test_ability_system.py::test_activate_ability_healing_self PASSED [ 16%]
tests/core/test_ability_system.py::test_apply_status_new_status PASSED   [ 17%]
tests/core/test_ability_system.py::test_apply_status_refresh_duration PASSED [ 17%]
tests/core/test_ability_system.py::test_remove_status_success PASSED     [ 17%]
tests/core/test_action_processor.py::test_process_actions_single_player_only_look PASSED [ 17%]
tests/core/test_action_processor.py::test_process_actions_single_player_with_both_actions PASSED [ 17%]
tests/core/test_action_processor.py::test_process_actions_party_with_one_player_actions PASSED [ 17%]
tests/core/test_action_processor.py::test_process_actions_player_no_actions PASSED [ 17%]
tests/core/test_action_processor.py::test_process_actions_unknown_intent_uses_placeholder PASSED [ 17%]
tests/core/test_action_processor.py::test_load_and_clear_all_actions_empty_entities PASSED [ 18%]
tests/core/test_action_processor.py::test_load_and_clear_all_actions_single_player_with_actions PASSED [ 18%]
tests/core/test_action_processor.py::test_load_and_clear_all_actions_party_with_player_actions PASSED [ 18%]
tests/core/test_action_processor.py::test_load_and_clear_all_actions_player_malformed_json PASSED [ 18%]
tests/core/test_action_processor.py::test_load_and_clear_all_actions_player_action_parsing_error PASSED [ 18%]
tests/core/test_action_processor.py::test_execute_player_actions_empty_list PASSED [ 18%]
tests/core/test_action_processor.py::test_execute_player_actions_handler_exception PASSED [ 18%]
tests/core/test_action_processor.py::test_execute_player_actions_dispatch_and_results PASSED [ 18%]
tests/core/test_action_processor.py::test_finalize_turn_processing_updates_statuses_and_logs PASSED [ 18%]
tests/core/test_action_processor.py::test_finalize_turn_processing_player_not_processing PASSED [ 19%]
tests/core/test_action_processor.py::test_handle_move_action_wrapper_success PASSED [ 19%]
tests/core/test_action_processor.py::test_handle_move_action_wrapper_extracts_target_from_location_name_entity PASSED [ 19%]
tests/core/test_action_processor.py::test_handle_move_action_wrapper_extracts_target_from_single_untyped_entity PASSED [ 19%]
tests/core/test_action_processor.py::test_handle_move_action_wrapper_no_target_identifier PASSED [ 19%]
tests/core/test_action_processor.py::test_handle_move_action_wrapper_execute_move_raises_exception PASSED [ 19%]
tests/core/test_action_processor.py::test_process_actions_halts_if_conflict_pending PASSED [ 19%]
tests/core/test_action_processor.py::test_process_actions_proceeds_if_no_conflict_pending PASSED [ 19%]
tests/core/test_action_processor.py::test_process_actions_handles_exception_during_conflict_check PASSED [ 20%]
tests/core/test_action_processor.py::test_process_player_message_for_nlu_player_in_dialogue FAILED [ 20%]
tests/core/test_action_processor.py::test_process_player_message_for_nlu_player_not_in_dialogue_queues_action PASSED [ 20%]
tests/core/test_action_processor.py::test_process_player_message_for_nlu_player_in_dialogue_nlu_unknown_intent PASSED [ 20%]
tests/core/test_action_processor.py::test_process_player_message_for_nlu_player_not_in_dialogue_unknown_intent_not_queued PASSED [ 20%]
tests/core/test_ai_analysis_system.py::TestAIAnalysisSystem::test_calls_general_loc_prompt_for_npc_with_location_context PASSED [ 20%]
tests/core/test_ai_analysis_system.py::TestAIAnalysisSystem::test_calls_prepare_economic_prompt_for_item PASSED [ 20%]
tests/core/test_ai_analysis_system.py::TestAIAnalysisSystem::test_calls_prepare_faction_prompt_for_faction PASSED [ 20%]
tests/core/test_ai_analysis_system.py::TestAIAnalysisSystem::test_calls_prepare_quest_generation_prompt_for_quest PASSED [ 20%]
tests/core/test_ai_analysis_system.py::TestAIAnalysisSystem::test_calls_simplified_prompt_for_npc_without_location_context PASSED [ 21%]
tests/core/test_ai_analysis_system.py::TestAIAnalysisSystem::test_description_length_too_short PASSED [ 21%]
tests/core/test_ai_analysis_system.py::TestAIAnalysisSystem::test_filtering_of_parsed_entities_item_from_economic_prompt PASSED [ 21%]
tests/core/test_ai_analysis_system.py::TestAIAnalysisSystem::test_filtering_of_parsed_entities_npc_from_location_prompt PASSED [ 21%]
tests/core/test_ai_analysis_system.py::TestAIAnalysisSystem::test_i18n_completeness_fail PASSED [ 21%]
tests/core/test_ai_analysis_system.py::TestAIAnalysisSystem::test_key_field_missing_for_item PASSED [ 21%]
tests/core/test_ai_analysis_system.py::TestAIAnalysisSystem::test_npc_level_out_of_range PASSED [ 21%]
tests/core/test_ai_analysis_system.py::TestAIAnalysisSystem::test_pydantic_validation_error_captured PASSED [ 21%]
tests/core/test_ai_analysis_system.py::TestAIAnalysisSystem::test_quest_malformed_step PASSED [ 22%]
tests/core/test_ai_analysis_system.py::TestAIAnalysisSystem::test_quest_missing_steps PASSED [ 22%]
tests/core/test_ai_analysis_system.py::TestAIAnalysisSystemMainFunction::test_analyze_generated_content_calls_item_specific_analyzers PASSED [ 22%]
tests/core/test_ai_analysis_system.py::TestAIAnalysisSystemMainFunction::test_analyze_generated_content_calls_npc_specific_analyzers PASSED [ 22%]
tests/core/test_ai_analysis_system.py::TestAIAnalysisSystemMainFunction::test_analyze_generated_content_calls_quest_specific_analyzers PASSED [ 22%]
tests/core/test_ai_analysis_system.py::TestAIAnalysisSystemMainFunction::test_i18n_completeness_uses_guild_config_languages PASSED [ 22%]
tests/core/test_ai_analysis_system.py::TestAIAnalysisSystemMainFunction::test_score_aggregation PASSED [ 22%]
tests/core/test_ai_analysis_system.py::TestAIAnalysisSystemMainFunction::test_uniqueness_check_duplicate_name_i18n PASSED [ 22%]
tests/core/test_ai_analysis_system.py::TestAIAnalysisSystemMainFunction::test_uniqueness_check_duplicate_static_id PASSED [ 22%]
tests/core/test_ai_analysis_system.py::TestQuestItemBalanceAnalysis::test_quest_items_correct_amount_is_good_score PASSED [ 23%]
tests/core/test_ai_analysis_system.py::TestQuestItemBalanceAnalysis::test_quest_items_no_rewards_is_neutral PASSED [ 23%]
tests/core/test_ai_analysis_system.py::TestQuestItemBalanceAnalysis::test_quest_items_per_level_range_above_all_thresholds PASSED [ 23%]
tests/core/test_ai_analysis_system.py::TestQuestItemBalanceAnalysis::test_quest_items_per_level_range_empty_rule_uses_default_max PASSED [ 23%]
tests/core/test_ai_analysis_system.py::TestQuestItemBalanceAnalysis::test_quest_items_per_level_range_malformed_rule_uses_default_max_from_code PASSED [ 23%]
tests/core/test_ai_analysis_system.py::TestQuestItemBalanceAnalysis::test_quest_items_per_level_range_match_first_threshold PASSED [ 23%]
tests/core/test_ai_analysis_system.py::TestQuestItemBalanceAnalysis::test_quest_items_per_level_range_match_second_threshold PASSED [ 23%]
tests/core/test_ai_orchestrator.py::test_trigger_ai_generation_flow_success PASSED [ 23%]
tests/core/test_ai_orchestrator.py::test_trigger_ai_generation_validation_failed PASSED [ 24%]
tests/core/test_ai_orchestrator.py::test_save_approved_generation_success PASSED [ 24%]
tests/core/test_ai_orchestrator.py::test_save_approved_generation_npc_rel_to_existing_faction PASSED [ 24%]
tests/core/test_ai_orchestrator.py::test_save_approved_generation_updates_existing_relationship PASSED [ 24%]
tests/core/test_ai_orchestrator.py::test_save_approved_generation_pending_gen_not_found PASSED [ 24%]
tests/core/test_ai_orchestrator.py::test_save_approved_generation_not_approved_status PASSED [ 24%]
tests/core/test_ai_orchestrator.py::test_save_approved_generation_no_parsed_data PASSED [ 24%]
tests/core/test_ai_orchestrator.py::test_save_approved_generation_entity_creation_fails PASSED [ 24%]
tests/core/test_ai_orchestrator.py::test_generate_narrative_success_player_language PASSED [ 24%]
tests/core/test_ai_orchestrator.py::test_generate_narrative_success_guild_language_player_context PASSED [ 25%]
tests/core/test_ai_orchestrator.py::test_generate_narrative_success_guild_language_no_player_context PASSED [ 25%]
tests/core/test_ai_orchestrator.py::test_generate_narrative_success_default_language PASSED [ 25%]
tests/core/test_ai_orchestrator.py::test_generate_narrative_prompt_construction_all_fields PASSED [ 25%]
tests/core/test_ai_orchestrator.py::test_generate_narrative_llm_call_error PASSED [ 25%]
tests/core/test_ai_orchestrator.py::test_save_approved_generation_with_npc_relationships PASSED [ 25%]
tests/core/test_ai_prompt_builder.py::TestAIPromptBuilder::test_prepare_ai_prompt_basic_scenario PASSED [ 25%]
tests/core/test_ai_prompt_builder.py::TestAIPromptBuilder::test_prepare_ai_prompt_location_not_found PASSED [ 25%]
tests/core/test_ai_prompt_builder.py::TestAIFactionPromptBuilder::test_prepare_faction_relationship_generation_prompt_basic PASSED [ 26%]
tests/core/test_ai_prompt_builder.py::TestAIQuestPromptBuilder::test_prepare_quest_generation_prompt_with_context PASSED [ 26%]
tests/core/test_ai_prompt_builder.py::TestAIEconomicPromptBuilder::test_prepare_economic_entity_generation_prompt_basic PASSED [ 26%]
tests/core/test_ai_prompt_builder.py::TestDialoguePromptBuilder::test_dialogue_history_inclusion PASSED [ 26%]
tests/core/test_ai_prompt_builder.py::TestDialoguePromptBuilder::test_dialogue_prompt_no_relationship_influence_rule PASSED [ 26%]
tests/core/test_ai_prompt_builder.py::TestDialoguePromptBuilder::test_dialogue_prompt_with_negative_relationship_tone_hint PASSED [ 26%]
tests/core/test_ai_prompt_builder.py::TestDialoguePromptBuilder::test_dialogue_prompt_with_neutral_relationship_default_tone_hint PASSED [ 26%]
tests/core/test_ai_prompt_builder.py::TestDialoguePromptBuilder::test_dialogue_prompt_with_positive_relationship_tone_hint PASSED [ 26%]
tests/core/test_ai_prompt_builder.py::TestDialoguePromptBuilder::test_prepare_dialogue_prompt_basic_success PASSED [ 26%]
tests/core/test_ai_prompt_builder.py::TestDialoguePromptBuilder::test_prepare_dialogue_prompt_no_relationship PASSED [ 27%]
tests/core/test_ai_prompt_builder.py::TestDialoguePromptBuilder::test_prepare_dialogue_prompt_npc_not_found PASSED [ 27%]
tests/core/test_ai_prompt_builder.py::TestDialoguePromptBuilder::test_prepare_dialogue_prompt_player_not_found PASSED [ 27%]
tests/core/test_ai_prompt_builder.py::TestDialoguePromptBuilder::test_prepare_dialogue_prompt_with_nlu_data PASSED [ 27%]
tests/core/test_ai_prompt_builder.py::TestDialoguePromptBuilder::test_prepare_dialogue_prompt_with_nlu_unknown_intent PASSED [ 27%]
tests/core/test_ai_prompt_builder.py::TestDialoguePromptBuilder::test_prepare_dialogue_prompt_with_relationship_quest_hidden_context PASSED [ 27%]
tests/core/test_ai_response_parser.py::TestAIResponseParserPydanticModels::test_generated_inventory_item_entry_invalid PASSED [ 27%]
tests/core/test_ai_response_parser.py::TestAIResponseParserPydanticModels::test_generated_inventory_item_entry_valid PASSED [ 27%]
tests/core/test_ai_response_parser.py::TestAIResponseParserPydanticModels::test_parsed_faction_data_invalid PASSED [ 28%]
tests/core/test_ai_response_parser.py::TestAIResponseParserPydanticModels::test_parsed_faction_data_valid PASSED [ 28%]
tests/core/test_ai_response_parser.py::TestAIResponseParserPydanticModels::test_parsed_item_data_invalid PASSED [ 28%]
tests/core/test_ai_response_parser.py::TestAIResponseParserPydanticModels::test_parsed_item_data_valid PASSED [ 28%]
tests/core/test_ai_response_parser.py::TestAIResponseParserPydanticModels::test_parsed_npc_data_invalid_static_id PASSED [ 28%]
tests/core/test_ai_response_parser.py::TestAIResponseParserPydanticModels::test_parsed_npc_data_missing_required_fields PASSED [ 28%]
tests/core/test_ai_response_parser.py::TestAIResponseParserPydanticModels::test_parsed_npc_data_valid PASSED [ 28%]
tests/core/test_ai_response_parser.py::TestAIResponseParserPydanticModels::test_parsed_npc_trader_data_invalid PASSED [ 28%]
tests/core/test_ai_response_parser.py::TestAIResponseParserPydanticModels::test_parsed_npc_trader_data_minimal PASSED [ 28%]
tests/core/test_ai_response_parser.py::TestAIResponseParserPydanticModels::test_parsed_npc_trader_data_valid PASSED [ 29%]
tests/core/test_ai_response_parser.py::TestAIResponseParserPydanticModels::test_parsed_relationship_data_invalid PASSED [ 29%]
tests/core/test_ai_response_parser.py::TestAIResponseParserPydanticModels::test_parsed_relationship_data_valid PASSED [ 29%]
tests/core/test_ai_response_parser.py::TestAIResponseParserFunction::test_parse_invalid_json_string PASSED [ 29%]
tests/core/test_ai_response_parser.py::TestAIResponseParserFunction::test_parse_pydantic_validation_error_in_faction PASSED [ 29%]
tests/core/test_ai_response_parser.py::TestAIResponseParserFunction::test_parse_quest_data_empty_steps PASSED [ 29%]
tests/core/test_ai_response_parser.py::TestAIResponseParserFunction::test_parse_quest_data_missing_static_id PASSED [ 29%]
tests/core/test_ai_response_parser.py::TestAIResponseParserFunction::test_parse_quest_step_data_invalid_i18n PASSED [ 29%]
tests/core/test_ai_response_parser.py::TestAIResponseParserFunction::test_parse_semantic_validation_error_faction_missing_lang PASSED [ 30%]
tests/core/test_ai_response_parser.py::TestAIResponseParserFunction::test_parse_semantic_validation_error_relationship_value_out_of_range PASSED [ 30%]
tests/core/test_ai_response_parser.py::TestAIResponseParserFunction::test_parse_structural_validation_error_not_a_list PASSED [ 30%]
tests/core/test_ai_response_parser.py::TestAIResponseParserFunction::test_parse_valid_faction_and_relationship PASSED [ 30%]
tests/core/test_ai_response_parser.py::TestAIResponseParserFunction::test_parse_valid_item_and_trader_data PASSED [ 30%]
tests/core/test_ai_response_parser.py::TestAIResponseParserFunction::test_parse_valid_quest_data PASSED [ 30%]
tests/core/test_check_resolver.py::TestCheckResolver::test_critical_failure PASSED [ 30%]
tests/core/test_check_resolver.py::TestCheckResolver::test_critical_success PASSED [ 30%]
tests/core/test_check_resolver.py::TestCheckResolver::test_hidden_relationship_dc_modifier_npc_likes_player PASSED [ 30%]
tests/core/test_check_resolver.py::TestCheckResolver::test_hidden_relationship_no_relevant_rule_or_disabled PASSED [ 31%]
tests/core/test_check_resolver.py::TestCheckResolver::test_hidden_relationship_roll_modifier_npc_hates_player PASSED [ 31%]
tests/core/test_check_resolver.py::TestCheckResolver::test_relationship_influence_formula_error PASSED [ 31%]
tests/core/test_check_resolver.py::TestCheckResolver::test_relationship_influence_roll_modifier_formula_positive PASSED [ 31%]
tests/core/test_check_resolver.py::TestCheckResolver::test_relationship_influence_threshold_modifier_friendly PASSED [ 31%]
tests/core/test_check_resolver.py::TestCheckResolver::test_simple_failure PASSED [ 31%]
tests/core/test_check_resolver.py::TestCheckResolver::test_simple_success PASSED [ 31%]
tests/core/test_combat_cycle_manager.py::test_start_combat_successful_creation PASSED [ 31%]
tests/core/test_combat_cycle_manager.py::test_start_combat_initiative_tie_break_order PASSED [ 32%]
tests/core/test_combat_cycle_manager.py::test_start_combat_no_participants PASSED [ 32%]
tests/core/test_combat_cycle_manager.py::test_process_combat_turn_npc_action PASSED [ 32%]
tests/core/test_combat_cycle_manager.py::test_advance_turn_logic_simple PASSED [ 32%]
tests/core/test_combat_cycle_manager.py::test_check_combat_end_scenarios PASSED [ 32%]
tests/core/test_combat_cycle_manager.py::test_start_combat_player_in_party_status_update PASSED [ 32%]
tests/core/test_combat_engine.py::test_get_combat_rule_from_snapshot PASSED [ 32%]
tests/core/test_combat_engine.py::test_get_combat_rule_from_db PASSED    [ 32%]
tests/core/test_combat_engine.py::test_calculate_attribute_modifier PASSED [ 32%]
tests/core/test_combat_engine.py::test_get_participant_stat_from_override PASSED [ 33%]
tests/core/test_combat_engine.py::test_get_participant_stat_from_player_model PASSED [ 33%]
tests/core/test_combat_engine.py::test_get_participant_stat_from_npc_model PASSED [ 33%]
tests/core/test_combat_engine.py::test_process_combat_action_attack_hit PASSED [ 33%]
tests/core/test_combat_engine.py::test_process_combat_action_actor_not_found PASSED [ 33%]
tests/core/test_combat_engine.py::test_process_combat_action_combat_not_found PASSED [ 33%]
tests/core/test_combat_engine.py::test_process_combat_action_target_not_in_combat PASSED [ 33%]
tests/core/test_combat_engine.py::test_process_combat_action_target_already_defeated PASSED [ 33%]
tests/core/test_combat_engine.py::test_process_combat_action_attack_miss PASSED [ 33%]
tests/core/test_combat_engine.py::test_process_combat_action_attack_crit_hit PASSED [ 34%]
tests/core/test_combat_engine.py::test_process_combat_action_attack_crit_fail PASSED [ 34%]
tests/core/test_combat_engine.py::test_process_combat_action_unknown_action PASSED [ 34%]
tests/core/test_command_utils.py::test_get_localized_string_with_plain_string PASSED [ 34%]
tests/core/test_command_utils.py::test_get_localized_string_with_mock_locale_str PASSED [ 34%]
tests/core/test_command_utils.py::test_get_localized_string_with_none_value PASSED [ 34%]
tests/core/test_command_utils.py::test_extract_parameter_details_simple PASSED [ 34%]
tests/core/test_command_utils.py::test_extract_parameter_details_with_locale_str_description PASSED [ 34%]
tests/core/test_command_utils.py::test_extract_command_details_single_command PASSED [ 35%]
tests/core/test_command_utils.py::test_extract_command_details_command_with_params_and_locale_desc PASSED [ 35%]
tests/core/test_command_utils.py::test_get_bot_commands_empty PASSED     [ 35%]
tests/core/test_command_utils.py::test_get_bot_commands_with_simple_command PASSED [ 35%]
tests/core/test_command_utils.py::test_get_bot_commands_with_group PASSED [ 35%]
tests/core/test_command_utils.py::test_get_bot_commands_mixed_commands_and_groups_and_sorting PASSED [ 35%]
tests/core/test_conflict_simulation_system.py::TestExtractPrimaryTargetSignature::test_attack_npc_id PASSED [ 35%]
tests/core/test_conflict_simulation_system.py::TestExtractPrimaryTargetSignature::test_attack_player_id PASSED [ 35%]
tests/core/test_conflict_simulation_system.py::TestExtractPrimaryTargetSignature::test_drop_item_name PASSED [ 35%]
tests/core/test_conflict_simulation_system.py::TestExtractPrimaryTargetSignature::test_examine_item_id_priority PASSED [ 36%]
tests/core/test_conflict_simulation_system.py::TestExtractPrimaryTargetSignature::test_examine_npc_static_id PASSED [ 36%]
tests/core/test_conflict_simulation_system.py::TestExtractPrimaryTargetSignature::test_examine_object_name PASSED [ 36%]
tests/core/test_conflict_simulation_system.py::TestExtractPrimaryTargetSignature::test_go_to_point_name PASSED [ 36%]
tests/core/test_conflict_simulation_system.py::TestExtractPrimaryTargetSignature::test_go_to_sublocation_name PASSED [ 36%]
tests/core/test_conflict_simulation_system.py::TestExtractPrimaryTargetSignature::test_go_to_sublocation_static_id PASSED [ 36%]
tests/core/test_conflict_simulation_system.py::TestExtractPrimaryTargetSignature::test_interact_item_static_id PASSED [ 36%]
tests/core/test_conflict_simulation_system.py::TestExtractPrimaryTargetSignature::test_interact_location_object_name PASSED [ 36%]
tests/core/test_conflict_simulation_system.py::TestExtractPrimaryTargetSignature::test_interact_location_object_static_id PASSED [ 37%]
tests/core/test_conflict_simulation_system.py::TestExtractPrimaryTargetSignature::test_irrelevant_single_entity PASSED [ 37%]
tests/core/test_conflict_simulation_system.py::TestExtractPrimaryTargetSignature::test_move_direction PASSED [ 37%]
tests/core/test_conflict_simulation_system.py::TestExtractPrimaryTargetSignature::test_move_location_static_id PASSED [ 37%]
tests/core/test_conflict_simulation_system.py::TestExtractPrimaryTargetSignature::test_no_entities PASSED [ 37%]
tests/core/test_conflict_simulation_system.py::TestExtractPrimaryTargetSignature::test_single_generic_entity_for_examine_item PASSED [ 37%]
tests/core/test_conflict_simulation_system.py::TestExtractPrimaryTargetSignature::test_single_generic_entity_for_examine_object PASSED [ 37%]
tests/core/test_conflict_simulation_system.py::TestExtractPrimaryTargetSignature::test_take_item_instance_id PASSED [ 37%]
tests/core/test_conflict_simulation_system.py::TestExtractPrimaryTargetSignature::test_take_item_static_id PASSED [ 37%]
tests/core/test_conflict_simulation_system.py::TestExtractPrimaryTargetSignature::test_trade_target_npc_name PASSED [ 38%]
tests/core/test_conflict_simulation_system.py::TestExtractPrimaryTargetSignature::test_use_item_on_npc_by_static_id PASSED [ 38%]
tests/core/test_conflict_simulation_system.py::TestExtractPrimaryTargetSignature::test_use_item_on_player_by_item_id PASSED [ 38%]
tests/core/test_conflict_simulation_system.py::TestExtractPrimaryTargetSignature::test_use_item_on_self_by_item_id PASSED [ 38%]
tests/core/test_conflict_simulation_system.py::TestExtractPrimaryTargetSignature::test_use_item_on_self_by_static_id PASSED [ 38%]
tests/core/test_conflict_simulation_system.py::TestExtractPrimaryTargetSignature::test_use_object_name PASSED [ 38%]
tests/core/test_conflict_simulation_system.py::TestExtractPrimaryTargetSignature::test_use_object_static_id PASSED [ 38%]
tests/core/test_conflict_simulation_system.py::TestExtractPrimaryTargetSignature::test_use_priority_item_over_object PASSED [ 38%]
tests/core/test_conflict_simulation_system.py::TestExtractPrimaryTargetSignature::test_use_priority_item_over_skill_over_object PASSED [ 39%]
tests/core/test_conflict_simulation_system.py::TestExtractPrimaryTargetSignature::test_use_priority_skill_over_object PASSED [ 39%]
tests/core/test_conflict_simulation_system.py::TestExtractPrimaryTargetSignature::test_use_skill_on_self PASSED [ 39%]
tests/core/test_conflict_simulation_system.py::TestExtractPrimaryTargetSignature::test_use_skill_on_target_npc PASSED [ 39%]
tests/core/test_conflict_simulation_system.py::TestSimulateConflictDetection::test_conflict_interact_vs_use_on_same_object_name PASSED [ 39%]
tests/core/test_conflict_simulation_system.py::TestSimulateConflictDetection::test_conflict_take_vs_use_on_same_item_instance PASSED [ 39%]
tests/core/test_conflict_simulation_system.py::TestSimulateConflictDetection::test_conflict_three_exclusive_actions_same_target PASSED [ 39%]
tests/core/test_conflict_simulation_system.py::TestSimulateConflictDetection::test_conflict_two_attacks_on_same_npc PASSED [ 39%]
tests/core/test_conflict_simulation_system.py::TestSimulateConflictDetection::test_conflict_two_takes_for_same_item_static_id PASSED [ 39%]
tests/core/test_conflict_simulation_system.py::TestSimulateConflictDetection::test_conflict_two_uses_on_same_object_static_id PASSED [ 40%]
tests/core/test_conflict_simulation_system.py::TestSimulateConflictDetection::test_conflict_use_on_self_vs_take_same_item_static_id PASSED [ 40%]
tests/core/test_conflict_simulation_system.py::TestSimulateConflictDetection::test_involved_entities_json_structure_and_conflict_type PASSED [ 40%]
tests/core/test_conflict_simulation_system.py::TestSimulateConflictDetection::test_mixed_targeted_and_non_targeted_actions PASSED [ 40%]
tests/core/test_conflict_simulation_system.py::TestSimulateConflictDetection::test_no_actions_no_conflicts PASSED [ 40%]
tests/core/test_conflict_simulation_system.py::TestSimulateConflictDetection::test_no_conflict_use_on_self_vs_attack_unrelated PASSED [ 40%]
tests/core/test_conflict_simulation_system.py::TestSimulateConflictDetection::test_no_target_signature_actions_no_conflict PASSED [ 40%]
tests/core/test_conflict_simulation_system.py::TestSimulateConflictDetection::test_single_action_no_conflicts PASSED [ 40%]
tests/core/test_conflict_simulation_system.py::TestSimulateConflictDetection::test_two_actions_different_targets_no_conflict PASSED [ 41%]
tests/core/test_conflict_simulation_system.py::TestSimulateConflictDetection::test_two_actions_same_target_non_conflicting_intents PASSED [ 41%]
tests/core/test_conflict_simulation_system.py::TestConflictRuleApplication::test_apply_conflicting_intent_pairs_attack_vs_talk PASSED [ 41%]
tests/core/test_conflict_simulation_system.py::TestConflictRuleApplication::test_apply_conflicting_intent_pairs_no_conflict_unrelated_pair PASSED [ 41%]
tests/core/test_conflict_simulation_system.py::TestConflictRuleApplication::test_apply_conflicting_intent_pairs_take_vs_use PASSED [ 41%]
tests/core/test_conflict_simulation_system.py::TestConflictRuleApplication::test_apply_same_intent_interact_and_use_on_object_diff_sigs_no_conflict_here PASSED [ 41%]
tests/core/test_conflict_simulation_system.py::TestConflictRuleApplication::test_apply_same_intent_no_conflict_different_targets PASSED [ 41%]
tests/core/test_conflict_simulation_system.py::TestConflictRuleApplication::test_apply_same_intent_no_conflict_non_exclusive_intent PASSED [ 41%]
tests/core/test_conflict_simulation_system.py::TestConflictRuleApplication::test_apply_same_intent_three_attacks_on_npc PASSED [ 41%]
tests/core/test_conflict_simulation_system.py::TestConflictRuleApplication::test_apply_same_intent_two_takes_on_item PASSED [ 42%]
tests/core/test_conflict_simulation_system.py::TestConflictRuleApplication::test_apply_same_intent_two_uses_on_object PASSED [ 42%]
tests/core/test_conflict_simulation_system.py::TestConflictRuleApplication::test_check_use_self_vs_take_conflict PASSED [ 42%]
tests/core/test_conflict_simulation_system.py::TestConflictRuleApplication::test_check_use_self_vs_take_no_conflict_different_items PASSED [ 42%]
tests/core/test_conflict_simulation_system.py::TestConflictRuleApplication::test_check_use_self_vs_take_no_conflict_only_one_action PASSED [ 42%]
tests/core/test_database_transactional.py::test_transactional_success_new_session PASSED [ 42%]
tests/core/test_database_transactional.py::test_transactional_failure_new_session_rollbacks PASSED [ 42%]
tests/core/test_database_transactional.py::test_transactional_uses_passed_session_positional PASSED [ 42%]
tests/core/test_database_transactional.py::test_transactional_uses_passed_session_keyword PASSED [ 43%]
tests/core/test_database_transactional.py::test_transactional_failure_with_passed_session_no_rollback_by_decorator PASSED [ 43%]
tests/core/test_database_transactional.py::test_transactional_correctly_passes_args_and_kwargs_new_session PASSED [ 43%]
tests/core/test_database_transactional.py::test_transactional_correctly_passes_args_and_kwargs_existing_session PASSED [ 43%]
tests/core/test_database_transactional.py::test_transactional_handles_session_as_kwarg_in_wrapped_func_sig PASSED [ 43%]
tests/core/test_dialogue_system.py::TestDialogueSystem::test_end_dialogue_not_in_dialogue_status_is_dialogue PASSED [ 43%]
tests/core/test_dialogue_system.py::TestDialogueSystem::test_end_dialogue_not_in_dialogue_status_not_dialogue PASSED [ 43%]
tests/core/test_dialogue_system.py::TestDialogueSystem::test_end_dialogue_success PASSED [ 43%]
tests/core/test_dialogue_system.py::TestDialogueSystem::test_handle_dialogue_input_not_in_dialogue PASSED [ 43%]
tests/core/test_dialogue_system.py::TestDialogueSystem::test_handle_dialogue_input_success_with_nlu_data PASSED [ 44%]
tests/core/test_dialogue_system.py::TestDialogueSystem::test_start_dialogue_already_with_other_npc PASSED [ 44%]
tests/core/test_dialogue_system.py::TestDialogueSystem::test_start_dialogue_already_with_same_npc PASSED [ 44%]
tests/core/test_dialogue_system.py::TestDialogueSystem::test_start_dialogue_npc_not_found PASSED [ 44%]
tests/core/test_dialogue_system.py::TestDialogueSystem::test_start_dialogue_player_in_combat PASSED [ 44%]
tests/core/test_dialogue_system.py::TestDialogueSystem::test_start_dialogue_player_not_found PASSED [ 44%]
tests/core/test_dialogue_system.py::TestDialogueSystem::test_start_dialogue_success PASSED [ 44%]
tests/core/test_dice_roller.py::TestDiceRoller::test_invalid_dice_numbers PASSED [ 44%]
tests/core/test_dice_roller.py::TestDiceRoller::test_invalid_formats PASSED [ 45%]
tests/core/test_dice_roller.py::TestDiceRoller::test_multiple_dice_sum_and_count PASSED [ 45%]
tests/core/test_dice_roller.py::TestDiceRoller::test_rolls_with_negative_modifier PASSED [ 45%]
tests/core/test_dice_roller.py::TestDiceRoller::test_rolls_with_positive_modifier PASSED [ 45%]
tests/core/test_dice_roller.py::TestDiceRoller::test_rolls_with_zero_modifier PASSED [ 45%]
tests/core/test_dice_roller.py::TestDiceRoller::test_simple_rolls PASSED [ 45%]
tests/core/test_dice_roller.py::TestDiceRoller::test_whitespace_insensitivity PASSED [ 45%]
tests/core/test_experience_system.py::test_award_xp_single_player_no_levelup PASSED [ 45%]
tests/core/test_experience_system.py::test_award_xp_single_player_level_up PASSED [ 45%]
tests/core/test_experience_system.py::test_award_xp_party_equal_split_no_levelup PASSED [ 46%]
tests/core/test_experience_system.py::test_check_for_level_up_multiple_levels PASSED [ 46%]
tests/core/test_experience_system.py::test_check_for_level_up_no_rules_found PASSED [ 46%]
tests/core/test_experience_system.py::test_award_xp_player_not_found PASSED [ 46%]
tests/core/test_experience_system.py::test_award_xp_party_not_found_or_empty PASSED [ 46%]
tests/core/test_experience_system.py::test_check_for_level_up_max_level_reached PASSED [ 46%]
tests/core/test_experience_system.py::test_award_xp_party_xp_per_player_becomes_zero PASSED [ 46%]
tests/core/test_experience_system.py::test_spend_attribute_points_success PASSED [ 46%]
tests/core/test_experience_system.py::test_spend_attribute_points_not_enough_xp PASSED [ 47%]
tests/core/test_experience_system.py::test_spend_attribute_points_invalid_attribute PASSED [ 47%]
tests/core/test_experience_system.py::test_spend_attribute_points_invalid_points_value PASSED [ 47%]
tests/core/test_experience_system.py::test_spend_attribute_points_new_attribute PASSED [ 47%]
tests/core/test_experience_system.py::test_spend_attribute_points_attribute_definitions_not_dict PASSED [ 47%]
tests/core/test_experience_system.py::test_spend_attribute_points_no_attribute_definitions_rule PASSED [ 47%]
tests/core/test_game_events.py::test_log_event_successful PASSED         [ 47%]
tests/core/test_game_events.py::test_log_event_invalid_event_type_string PASSED [ 47%]
tests/core/test_game_events.py::test_log_event_entity_ids_handling[1-2-None-expected_entities_out0] PASSED [ 47%]
tests/core/test_game_events.py::test_log_event_entity_ids_handling[1-None-initial_entities_in1-expected_entities_out1] PASSED [ 48%]
tests/core/test_game_events.py::test_log_event_entity_ids_handling[None-2-initial_entities_in2-expected_entities_out2] PASSED [ 48%]
tests/core/test_game_events.py::test_log_event_entity_ids_handling[1-2-initial_entities_in3-expected_entities_out3] PASSED [ 48%]
tests/core/test_game_events.py::test_log_event_entity_ids_handling[1-None-initial_entities_in4-expected_entities_out4] PASSED [ 48%]
tests/core/test_game_events.py::test_log_event_entity_ids_handling[None-None-None-None] PASSED [ 48%]
tests/core/test_game_events.py::test_log_event_entity_ids_handling[None-None-initial_entities_in6-None] PASSED [ 48%]
tests/core/test_game_events.py::test_log_event_minimal_parameters PASSED [ 48%]
tests/core/test_global_entity_manager.py::TestGlobalEntityManager::test_simulate_mobile_group_triggers_combat PASSED [ 48%]
tests/core/test_global_entity_manager.py::TestGlobalEntityManager::test_simulate_no_active_global_entities PASSED [ 49%]
tests/core/test_global_entity_manager.py::TestGlobalEntityManager::test_simulate_npc_triggers_dialogue_placeholder PASSED [ 49%]
tests/core/test_global_entity_manager.py::TestGlobalEntityManager::test_simulate_single_global_npc_no_interaction PASSED [ 49%]
tests/core/test_interaction_handlers.py::test_examine_existing_object PASSED [ 49%]
tests/core/test_interaction_handlers.py::test_examine_non_existent_object PASSED [ 49%]
tests/core/test_interaction_handlers.py::test_examine_unexaminable_object PASSED [ 49%]
tests/core/test_interaction_handlers.py::test_interact_object_with_check_success PASSED [ 49%]
tests/core/test_interaction_handlers.py::test_interact_object_with_check_failure PASSED [ 49%]
tests/core/test_interaction_handlers.py::test_interact_object_no_check_required PASSED [ 49%]
tests/core/test_interaction_handlers.py::test_interact_object_rule_not_found PASSED [ 50%]
tests/core/test_interaction_handlers.py::test_interact_object_no_interaction_key PASSED [ 50%]
tests/core/test_interaction_handlers.py::test_interact_non_existent_object PASSED [ 50%]
tests/core/test_interaction_handlers.py::test_move_to_valid_sublocation PASSED [ 50%]
tests/core/test_interaction_handlers.py::test_move_to_invalid_sublocation_not_a_sublocation_type PASSED [ 50%]
tests/core/test_interaction_handlers.py::test_move_to_non_existent_sublocation PASSED [ 50%]
tests/core/test_interaction_handlers.py::test_handle_action_player_not_found PASSED [ 50%]
tests/core/test_interaction_handlers.py::test_handle_action_location_not_found PASSED [ 50%]
tests/core/test_interaction_handlers.py::test_handle_action_no_target_name PASSED [ 50%]
tests/core/test_interaction_handlers.py::test_handle_action_unknown_intent PASSED [ 51%]
tests/core/test_interaction_handlers.py::test_find_target_malformed_interactable_elements[mock_location_with_details0] PASSED [ 51%]
tests/core/test_interaction_handlers.py::test_find_target_empty_location_data PASSED [ 51%]
tests/core/test_interaction_handlers.py::test_find_target_no_interactables_key PASSED [ 51%]
tests/core/test_interaction_handlers.py::test_find_target_interactables_not_a_list PASSED [ 51%]
tests/core/test_interaction_handlers.py::test_find_target_empty_interactables_list PASSED [ 51%]
tests/core/test_interaction_handlers.py::test_find_target_success PASSED [ 51%]
tests/core/test_interaction_handlers.py::test_find_target_not_found PASSED [ 51%]
tests/core/test_interaction_handlers.py::test_find_target_item_not_a_dict PASSED [ 52%]
tests/core/test_interaction_handlers.py::test_find_target_item_no_name_key PASSED [ 52%]
tests/core/test_interaction_handlers.py::test_examine_object_player_lang_present PASSED [ 52%]
tests/core/test_interaction_handlers.py::test_examine_object_player_lang_missing_fallback_en PASSED [ 52%]
tests/core/test_interaction_handlers.py::test_examine_object_player_lang_and_en_missing_fallback_default PASSED [ 52%]
tests/core/test_interaction_handlers.py::test_examine_object_no_description_i18n PASSED [ 52%]
tests/core/test_localization_utils.py::test_get_localized_text[i18n_field0-en-ru-Hello] PASSED [ 52%]
tests/core/test_localization_utils.py::test_get_localized_text[i18n_field1-ru-en-\u041f\u0440\u0438\u0432\u0435\u0442] PASSED [ 52%]
tests/core/test_localization_utils.py::test_get_localized_text[i18n_field2-ru-en-Hello] PASSED [ 52%]
tests/core/test_localization_utils.py::test_get_localized_text[i18n_field3-en-ru-\u041f\u0440\u0438\u0432\u0435\u0442] PASSED [ 53%]
tests/core/test_localization_utils.py::test_get_localized_text[i18n_field4-en-es-Hola] PASSED [ 53%]
tests/core/test_localization_utils.py::test_get_localized_text[None-en-ru-] PASSED [ 53%]
tests/core/test_localization_utils.py::test_get_localized_text[i18n_field6-en-ru-] PASSED [ 53%]
tests/core/test_localization_utils.py::test_get_localized_text[i18n_field7-en-ru-] PASSED [ 53%]
tests/core/test_localization_utils.py::test_get_localized_text[i18n_field8-en-ru-] PASSED [ 53%]
tests/core/test_localization_utils.py::test_get_localized_entity_name_player_success PASSED [ 53%]
tests/core/test_localization_utils.py::test_get_localized_entity_name_location_success PASSED [ 53%]
tests/core/test_localization_utils.py::test_get_localized_entity_name_npc_success PASSED [ 54%]
tests/core/test_localization_utils.py::test_get_localized_entity_name_item_success PASSED [ 54%]
tests/core/test_localization_utils.py::test_get_localized_entity_name_entity_not_found PASSED [ 54%]
tests/core/test_localization_utils.py::test_get_localized_entity_name_unsupported_type PASSED [ 54%]
tests/core/test_localization_utils.py::test_get_localized_entity_name_nameless_entity PASSED [ 54%]
tests/core/test_localization_utils.py::test_get_localized_entity_name_plain_name_fallback PASSED [ 54%]
tests/core/test_localization_utils.py::test_get_localized_entity_name_getter_exception PASSED [ 54%]
tests/core/test_localization_utils.py::test_get_batch_localized_entity_names_success PASSED [ 54%]
tests/core/test_localization_utils.py::test_get_batch_localized_entity_names_empty_input PASSED [ 54%]
tests/core/test_localization_utils.py::test_get_batch_localized_entity_names_unsupported_type_in_batch PASSED [ 55%]
tests/core/test_localization_utils.py::test_get_batch_localized_entity_names_crud_exception PASSED [ 55%]
tests/core/test_localization_utils.py::test_get_batch_localized_entity_names_all_entities_not_found PASSED [ 55%]
tests/core/test_localization_utils.py::test_get_batch_localized_entity_names_fallback_and_nameless PASSED [ 55%]
tests/core/test_localization_utils.py::test_get_batch_localized_entity_names_invalid_refs_skipped PASSED [ 55%]
tests/core/test_locations_utils.py::TestGetLocalizedText::test_different_field_name_base_is_now_direct_dict_pass PASSED [ 55%]
tests/core/test_locations_utils.py::TestGetLocalizedText::test_empty_string_value_is_returned PASSED [ 55%]
tests/core/test_locations_utils.py::TestGetLocalizedText::test_get_fallback_language PASSED [ 55%]
tests/core/test_locations_utils.py::TestGetLocalizedText::test_get_first_available_if_primary_and_fallback_missing PASSED [ 56%]
tests/core/test_locations_utils.py::TestGetLocalizedText::test_get_primary_language PASSED [ 56%]
tests/core/test_locations_utils.py::TestGetLocalizedText::test_language_and_default_lang_not_present PASSED [ 56%]
tests/core/test_locations_utils.py::TestGetLocalizedText::test_language_not_present_uses_default_lang PASSED [ 56%]
tests/core/test_locations_utils.py::TestGetLocalizedText::test_none_if_field_missing_or_none PASSED [ 56%]
tests/core/test_locations_utils.py::TestGetLocalizedText::test_none_if_i18n_field_not_dict PASSED [ 56%]
tests/core/test_locations_utils.py::TestGetLocalizedText::test_none_if_no_text_found PASSED [ 56%]
tests/core/test_locations_utils.py::TestLocationDBUtils::test_get_location_by_static_id_existing PASSED [ 56%]
tests/core/test_locations_utils.py::TestLocationDBUtils::test_get_location_by_static_id_not_existing PASSED [ 56%]
tests/core/test_locations_utils.py::TestLocationDBUtils::test_get_location_by_static_id_wrong_guild PASSED [ 57%]
tests/core/test_locations_utils.py::TestLocationDBUtils::test_get_location_existing PASSED [ 57%]
tests/core/test_locations_utils.py::TestLocationDBUtils::test_get_location_mocked PASSED [ 57%]
tests/core/test_locations_utils.py::TestLocationDBUtils::test_get_location_not_existing PASSED [ 57%]
tests/core/test_locations_utils.py::TestLocationDBUtils::test_get_location_wrong_guild PASSED [ 57%]
tests/core/test_map_management.py::test_add_location_master_success PASSED [ 57%]
tests/core/test_map_management.py::test_add_location_master_static_id_exists PASSED [ 57%]
tests/core/test_map_management.py::test_add_location_master_missing_field PASSED [ 57%]
tests/core/test_map_management.py::test_remove_location_master_success PASSED [ 58%]
tests/core/test_map_management.py::test_remove_location_master_not_found PASSED [ 58%]
tests/core/test_map_management.py::test_connect_locations_master_success PASSED [ 58%]
tests/core/test_map_management.py::test_disconnect_locations_master_success PASSED [ 58%]
tests/core/test_movement_logic.py::test_handle_move_action_successful_solo_player PASSED [ 58%]
tests/core/test_movement_logic.py::test_handle_move_action_successful_party_move PASSED [ 58%]
tests/core/test_movement_logic.py::test_handle_move_action_player_not_found PASSED [ 58%]
tests/core/test_movement_logic.py::test_handle_move_action_target_location_not_found PASSED [ 58%]
tests/core/test_movement_logic.py::test_handle_move_action_already_at_target_location PASSED [ 58%]
tests/core/test_movement_logic.py::test_handle_move_action_not_connected PASSED [ 59%]
tests/core/test_movement_logic.py::test_handle_move_action_malformed_neighbors_json PASSED [ 59%]
tests/core/test_movement_logic.py::test_handle_move_action_player_no_current_location_id PASSED [ 59%]
tests/core/test_movement_logic.py::test_handle_move_action_current_location_not_found_in_db PASSED [ 59%]
tests/core/test_movement_logic.py::test_handle_move_action_current_location_wrong_guild PASSED [ 59%]
tests/core/test_movement_logic.py::test_handle_move_action_party_not_found_proceeds_solo PASSED [ 59%]
tests/core/test_movement_logic.py::test_execute_move_successful_solo_player PASSED [ 59%]
tests/core/test_movement_logic.py::test_execute_move_successful_party_move PASSED [ 59%]
tests/core/test_movement_logic.py::test_execute_move_player_not_found PASSED [ 60%]
tests/core/test_movement_logic.py::test_execute_move_player_wrong_guild PASSED [ 60%]
tests/core/test_movement_logic.py::test_execute_move_target_location_not_found_by_static_id PASSED [ 60%]
tests/core/test_movement_logic.py::test_execute_move_not_connected PASSED [ 60%]
tests/core/test_movement_logic.py::test_execute_move_failure_does_not_call_on_enter_location PASSED [ 60%]
tests/core/test_movement_logic.py::test_find_location_by_static_id_success PASSED [ 60%]
tests/core/test_movement_logic.py::test_find_location_by_name_player_language_actual_logic PASSED [ 60%]
tests/core/test_movement_logic.py::test_find_location_by_name_guild_language_fallback_actual_logic PASSED [ 60%]
tests/core/test_movement_logic.py::test_find_location_by_name_english_fallback_actual_logic PASSED [ 60%]
tests/core/test_movement_logic.py::test_find_location_by_name_case_insensitive_actual_logic PASSED [ 61%]
tests/core/test_movement_logic.py::test_find_location_not_found_actual_logic PASSED [ 61%]
tests/core/test_movement_logic.py::test_find_location_by_name_ambiguous_returns_first_and_logs_actual_logic PASSED [ 61%]
tests/core/test_movement_logic.py::test_execute_move_uses_find_location_helper_success PASSED [ 61%]
tests/core/test_movement_logic.py::test_execute_move_when_find_location_helper_returns_none PASSED [ 61%]
tests/core/test_movement_logic.py::test_handle_move_action_party_in_wrong_guild_proceeds_solo PASSED [ 61%]
tests/core/test_nlu_service.py::test_parse_player_input[look-look_around-expected_entities0] PASSED [ 61%]
tests/core/test_nlu_service.py::test_parse_player_input[l-look_around-expected_entities1] PASSED [ 61%]
tests/core/test_nlu_service.py::test_parse_player_input[examine-look_around-expected_entities2] PASSED [ 62%]
tests/core/test_nlu_service.py::test_parse_player_input[inventory-view_inventory-expected_entities3] PASSED [ 62%]
tests/core/test_nlu_service.py::test_parse_player_input[inv-view_inventory-expected_entities4] PASSED [ 62%]
tests/core/test_nlu_service.py::test_parse_player_input[i-view_inventory-expected_entities5] PASSED [ 62%]
tests/core/test_nlu_service.py::test_parse_player_input[help-get_help-expected_entities6] PASSED [ 62%]
tests/core/test_nlu_service.py::test_parse_player_input[?-get_help-expected_entities7] PASSED [ 62%]
tests/core/test_nlu_service.py::test_parse_player_input[go north-move-expected_entities8] PASSED [ 62%]
tests/core/test_nlu_service.py::test_parse_player_input[move west-move-expected_entities9] PASSED [ 62%]
tests/core/test_nlu_service.py::test_parse_player_input[n-move-expected_entities10] PASSED [ 62%]
tests/core/test_nlu_service.py::test_parse_player_input[s-move-expected_entities11] PASSED [ 63%]
tests/core/test_nlu_service.py::test_parse_player_input[e-move-expected_entities12] PASSED [ 63%]
tests/core/test_nlu_service.py::test_parse_player_input[w-move-expected_entities13] PASSED [ 63%]
tests/core/test_nlu_service.py::test_parse_player_input[u-move-expected_entities14] PASSED [ 63%]
tests/core/test_nlu_service.py::test_parse_player_input[d-move-expected_entities15] PASSED [ 63%]
tests/core/test_nlu_service.py::test_parse_player_input[look at goblin-examine-expected_entities16] PASSED [ 63%]
tests/core/test_nlu_service.py::test_parse_player_input[examine the sword-examine-expected_entities17] PASSED [ 63%]
tests/core/test_nlu_service.py::test_parse_player_input[l the chest-examine-expected_entities18] PASSED [ 63%]
tests/core/test_nlu_service.py::test_parse_player_input[exa note-examine-expected_entities19] PASSED [ 64%]
tests/core/test_nlu_service.py::test_parse_player_input[interact with lever-interact-expected_entities20] PASSED [ 64%]
tests/core/test_nlu_service.py::test_parse_player_input[use the terminal-interact-expected_entities21] PASSED [ 64%]
tests/core/test_nlu_service.py::test_parse_player_input[activate button-interact-expected_entities22] PASSED [ 64%]
tests/core/test_nlu_service.py::test_parse_player_input[touch stone-interact-expected_entities23] PASSED [ 64%]
tests/core/test_nlu_service.py::test_parse_player_input[press switch-interact-expected_entities24] PASSED [ 64%]
tests/core/test_nlu_service.py::test_parse_player_input[pull rope-interact-expected_entities25] PASSED [ 64%]
tests/core/test_nlu_service.py::test_parse_player_input[go to the kitchen-go_to-expected_entities26] PASSED [ 64%]
tests/core/test_nlu_service.py::test_parse_player_input[enter the library-go_to-expected_entities27] PASSED [ 64%]
tests/core/test_nlu_service.py::test_parse_player_input[move to arena-go_to-expected_entities28] PASSED [ 65%]
tests/core/test_nlu_service.py::test_parse_player_input[get sword-get_item-expected_entities29] PASSED [ 65%]
tests/core/test_nlu_service.py::test_parse_player_input[take the potion-get_item-expected_entities30] PASSED [ 65%]
tests/core/test_nlu_service.py::test_parse_player_input[drop shield-drop_item-expected_entities31] PASSED [ 65%]
tests/core/test_nlu_service.py::test_parse_player_input[discard key-drop_item-expected_entities32] PASSED [ 65%]
tests/core/test_nlu_service.py::test_parse_player_input[attack goblin-attack_target-expected_entities33] PASSED [ 65%]
tests/core/test_nlu_service.py::test_parse_player_input[hit the orc with my axe-attack_target-expected_entities34] PASSED [ 65%]
tests/core/test_nlu_service.py::test_parse_player_input[talk to elara-talk_to_npc-expected_entities35] PASSED [ 65%]
tests/core/test_nlu_service.py::test_parse_player_input[speak with the guard-talk_to_npc-expected_entities36] PASSED [ 66%]
tests/core/test_nlu_service.py::test_parse_player_input[say Hello there!-say_text-expected_entities37] PASSED [ 66%]
tests/core/test_nlu_service.py::test_parse_player_input['General Kenobi-say_text-expected_entities38] PASSED [ 66%]
tests/core/test_nlu_service.py::test_parse_player_input[shout FOR THE ALLIANCE-say_text-expected_entities39] PASSED [ 66%]
tests/core/test_nlu_service.py::test_parse_player_input[whisper meet me by the docks-say_text-expected_entities40] PASSED [ 66%]
tests/core/test_nlu_service.py::test_parse_player_input[do something completely random-unknown_intent-expected_entities41] PASSED [ 66%]
tests/core/test_nlu_service.py::test_parse_player_input[sing a song-unknown_intent-expected_entities42] PASSED [ 66%]
tests/core/test_nlu_service.py::test_parse_player_input[-unknown_intent-expected_entities43] PASSED [ 66%]
tests/core/test_nlu_service.py::test_parse_player_input[   -unknown_intent-expected_entities44] PASSED [ 66%]
tests/core/test_nlu_service.py::test_parse_player_input[  LoOk  -look_around-expected_entities45] PASSED [ 67%]
tests/core/test_nlu_service.py::test_parse_player_input[gO NoRTh  -move-expected_entities46] PASSED [ 67%]
tests/core/test_nlu_service.py::test_parse_player_input[  examine  THE  Shiny Orb  -examine-expected_entities47] PASSED [ 67%]
tests/core/test_nlu_service.py::test_parse_player_input_empty_string_returns_unknown PASSED [ 67%]
tests/core/test_nlu_service.py::test_parse_player_input_no_match_returns_unknown PASSED [ 67%]
tests/core/test_nlu_service.py::test_parse_player_input_confidence_values PASSED [ 67%]
tests/core/test_npc_combat_strategy.py::TestNPCCombatStrategy::test_get_npc_ai_rules_merges_defaults_and_specific_relationship_rules PASSED [ 67%]
tests/core/test_npc_combat_strategy.py::TestNPCCombatStrategy::test_get_npc_ai_rules_loads_hidden_relationship_effects PASSED [ 67%]
tests/core/test_npc_combat_strategy.py::TestNPCCombatStrategy::test_get_available_abilities_all_available PASSED [ 67%]
tests/core/test_npc_combat_strategy.py::TestNPCCombatStrategy::test_get_available_abilities_not_enough_mana PASSED [ 68%]
tests/core/test_npc_combat_strategy.py::TestNPCCombatStrategy::test_get_available_abilities_one_on_cooldown PASSED [ 68%]
tests/core/test_npc_combat_strategy.py::TestNPCCombatStrategy::test_get_available_abilities_mana_and_cooldown_mix PASSED [ 68%]
tests/core/test_npc_combat_strategy.py::TestNPCCombatStrategy::test_is_hostile_player_default_hostile PASSED [ 68%]
tests/core/test_npc_combat_strategy.py::TestNPCCombatStrategy::test_is_hostile_explicitly_friendly_relationship_player PASSED [ 68%]
tests/core/test_npc_combat_strategy.py::TestNPCCombatStrategy::test_is_hostile_explicitly_hostile_relationship_npc PASSED [ 68%]
tests/core/test_npc_combat_strategy.py::TestNPCCombatStrategy::test_is_hostile_same_faction_npc_friendly_by_default PASSED [ 68%]
tests/core/test_npc_combat_strategy.py::TestNPCCombatStrategy::test_is_hostile_different_faction_npc_hostile_by_default PASSED [ 68%]
tests/core/test_npc_combat_strategy.py::TestNPCCombatStrategy::test_is_hostile_relationship_formula_makes_friendly PASSED [ 69%]
tests/core/test_npc_combat_strategy.py::TestNPCCombatStrategy::test_is_hostile_relationship_formula_makes_hostile PASSED [ 69%]
tests/core/test_npc_combat_strategy.py::TestNPCCombatStrategy::test_calculate_target_score_relationship_formula_modifies_threat PASSED [ 69%]
tests/core/test_npc_combat_strategy.py::TestNPCCombatStrategy::test_is_hostile_hidden_relationship_override_friendly PASSED [ 69%]
tests/core/test_npc_combat_strategy.py::TestNPCCombatStrategy::test_calculate_target_score_hidden_relationship_modifier PASSED [ 69%]
tests/core/test_npc_combat_strategy.py::TestNPCCombatStrategy::test_choose_action_hidden_relationship_prefers_non_damaging PASSED [ 69%]
tests/core/test_npc_combat_strategy.py::TestNPCCombatStrategy::test_get_potential_targets_basic PASSED [ 69%]
tests/core/test_npc_combat_strategy.py::TestNPCCombatStrategy::test_get_npc_combat_action_chooses_attack_on_player PASSED [ 69%]
tests/core/test_npc_combat_strategy.py::TestNPCCombatStrategy::test_get_npc_combat_action_actor_defeated PASSED [ 69%]
tests/core/test_npc_combat_strategy.py::TestNPCCombatStrategy::test_get_npc_combat_action_no_targets_available PASSED [ 70%]
tests/core/test_npc_combat_strategy.py::TestNPCCombatStrategy::test_choose_action_relationship_friendly_prefers_non_attack_or_heal PASSED [ 70%]
tests/core/test_npc_combat_strategy.py::TestNPCCombatStrategy::test_choose_action_relationship_hostile_prefers_strong_attack PASSED [ 70%]
tests/core/test_npc_memory_system.py::TestNpcMemorySystem::test_add_to_npc_memory_player PASSED [ 70%]
tests/core/test_npc_memory_system.py::TestNpcMemorySystem::test_add_to_npc_memory_party PASSED [ 70%]
tests/core/test_npc_memory_system.py::TestNpcMemorySystem::test_add_to_npc_memory_both_ids_error PASSED [ 70%]
tests/core/test_npc_memory_system.py::TestNpcMemorySystem::test_add_to_npc_memory_no_ids_error PASSED [ 70%]
tests/core/test_npc_memory_system.py::TestNpcMemorySystem::test_add_to_npc_memory_crud_exception PASSED [ 70%]
tests/core/test_npc_memory_system.py::TestNpcMemorySystem::test_get_npc_memory_player PASSED [ 71%]
tests/core/test_npc_memory_system.py::TestNpcMemorySystem::test_get_npc_memory_party PASSED [ 71%]
tests/core/test_npc_memory_system.py::TestNpcMemorySystem::test_get_npc_memory_both_ids_error PASSED [ 71%]
tests/core/test_npc_memory_system.py::TestNpcMemorySystem::test_get_npc_memory_no_ids_error PASSED [ 71%]
tests/core/test_npc_memory_system.py::TestNpcMemorySystem::test_get_npc_memory_crud_exception PASSED [ 71%]
tests/core/test_quest_system.py::TestQuestSystem::test_advance_quest_progress_to_completion PASSED [ 71%]
tests/core/test_quest_system.py::TestQuestSystem::test_advance_quest_progress_to_next_step PASSED [ 71%]
tests/core/test_quest_system.py::TestQuestSystem::test_apply_quest_consequences_all_types PASSED [ 71%]
tests/core/test_quest_system.py::TestQuestSystem::test_check_mechanic_match_details_subset_match PASSED [ 71%]
tests/core/test_quest_system.py::TestQuestSystem::test_check_mechanic_match_details_subset_mismatch PASSED [ 72%]
tests/core/test_quest_system.py::TestQuestSystem::test_check_mechanic_match_event_type_mismatch PASSED [ 72%]
tests/core/test_quest_system.py::TestQuestSystem::test_handle_player_event_successful_step_completion PASSED [ 72%]
tests/core/test_relationship_system.py::test_get_canonical_entity_pair[1-RelationshipEntityType.PLAYER-2-RelationshipEntityType.GENERATED_NPC-2-RelationshipEntityType.GENERATED_NPC-1-RelationshipEntityType.PLAYER] PASSED [ 72%]
tests/core/test_relationship_system.py::test_get_canonical_entity_pair[2-RelationshipEntityType.GENERATED_NPC-1-RelationshipEntityType.PLAYER-2-RelationshipEntityType.GENERATED_NPC-1-RelationshipEntityType.PLAYER] PASSED [ 72%]
tests/core/test_relationship_system.py::test_get_canonical_entity_pair[1-RelationshipEntityType.PARTY-5-RelationshipEntityType.GENERATED_FACTION-5-RelationshipEntityType.GENERATED_FACTION-1-RelationshipEntityType.PARTY] PASSED [ 72%]
tests/core/test_relationship_system.py::test_get_canonical_entity_pair[5-RelationshipEntityType.GENERATED_FACTION-1-RelationshipEntityType.PARTY-5-RelationshipEntityType.GENERATED_FACTION-1-RelationshipEntityType.PARTY] PASSED [ 72%]
tests/core/test_relationship_system.py::test_get_canonical_entity_pair[1-RelationshipEntityType.PLAYER-10-RelationshipEntityType.PLAYER-1-RelationshipEntityType.PLAYER-10-RelationshipEntityType.PLAYER] PASSED [ 72%]
tests/core/test_relationship_system.py::test_get_canonical_entity_pair[10-RelationshipEntityType.PLAYER-1-RelationshipEntityType.PLAYER-1-RelationshipEntityType.PLAYER-10-RelationshipEntityType.PLAYER] PASSED [ 73%]
tests/core/test_relationship_system.py::test_get_canonical_entity_pair[1-RelationshipEntityType.GENERATED_NPC-1-RelationshipEntityType.GENERATED_NPC-1-RelationshipEntityType.GENERATED_NPC-1-RelationshipEntityType.GENERATED_NPC] PASSED [ 73%]
tests/core/test_relationship_system.py::test_update_relationship_existing_relationship_updated PASSED [ 73%]
tests/core/test_relationship_system.py::test_placeholder PASSED          [ 73%]
tests/core/test_report_formatter.py::test_collect_refs_player_action_examine PASSED [ 73%]
tests/core/test_report_formatter.py::test_collect_refs_player_move PASSED [ 73%]
tests/core/test_report_formatter.py::test_collect_refs_item_acquired PASSED [ 73%]
tests/core/test_report_formatter.py::test_collect_refs_combat_action PASSED [ 73%]
tests/core/test_report_formatter.py::test_collect_refs_ability_used PASSED [ 73%]
tests/core/test_report_formatter.py::test_collect_refs_status_applied PASSED [ 74%]
tests/core/test_report_formatter.py::test_collect_refs_level_up PASSED   [ 74%]
tests/core/test_report_formatter.py::test_collect_refs_xp_gained PASSED  [ 74%]
tests/core/test_report_formatter.py::test_collect_refs_relationship_change PASSED [ 74%]
tests/core/test_report_formatter.py::test_collect_refs_combat_start PASSED [ 74%]
tests/core/test_report_formatter.py::test_collect_refs_combat_end PASSED [ 74%]
tests/core/test_report_formatter.py::test_collect_refs_quest_accepted PASSED [ 74%]
tests/core/test_report_formatter.py::test_collect_refs_quest_step_completed PASSED [ 74%]
tests/core/test_report_formatter.py::test_collect_refs_quest_completed PASSED [ 75%]
tests/core/test_report_formatter.py::test_collect_refs_dialogue_line PASSED [ 75%]
tests/core/test_report_formatter.py::test_collect_refs_quest_failed PASSED [ 75%]
tests/core/test_report_formatter.py::test_collect_refs_npc_action PASSED [ 75%]
tests/core/test_report_formatter.py::test_collect_refs_item_used PASSED  [ 75%]
tests/core/test_report_formatter.py::test_collect_refs_item_used_no_target PASSED [ 75%]
tests/core/test_report_formatter.py::test_collect_refs_item_dropped PASSED [ 75%]
tests/core/test_report_formatter.py::test_collect_refs_dialogue_start PASSED [ 75%]
tests/core/test_report_formatter.py::test_collect_refs_dialogue_end PASSED [ 75%]
tests/core/test_report_formatter.py::test_collect_refs_faction_change PASSED [ 76%]
tests/core/test_report_formatter.py::test_collect_refs_generic_event_with_ids PASSED [ 76%]
tests/core/test_report_formatter.py::test_collect_refs_generic_event_no_ids PASSED [ 76%]
tests/core/test_report_formatter.py::test_format_player_action_examine_en_with_terms PASSED [ 76%]
tests/core/test_report_formatter.py::test_format_player_action_examine_ru_default_terms PASSED [ 76%]
tests/core/test_report_formatter.py::test_format_combat_end_ru_with_terms_and_survivors PASSED [ 76%]
tests/core/test_report_formatter.py::test_format_turn_report_empty_logs_integration PASSED [ 76%]
tests/core/test_report_formatter.py::test_format_turn_report_with_logs_integration PASSED [ 76%]
tests/core/test_report_formatter.py::test_format_ability_used_with_terms[en-uses ability-on] PASSED [ 77%]
tests/core/test_report_formatter.py::test_format_ability_used_with_terms[ru-\u0438\u0441\u043f\u043e\u043b\u044c\u0437\u0443\u0435\u0442 \u0441\u043f\u043e\u0441\u043e\u0431\u043d\u043e\u0441\u0442\u044c-\u043d\u0430] PASSED [ 77%]
tests/core/test_report_formatter.py::test_format_combat_start[en-terms.combat.starts_involving_en-Combat starts at '{location_name}' involving: {participants_str}.-location_name_key0-participants_key0-TestPlayer, Goblin] PASSED [ 77%]
tests/core/test_report_formatter.py::test_format_combat_start[ru-terms.combat.starts_involving_ru-\u041d\u0430\u0447\u0438\u043d\u0430\u0435\u0442\u0441\u044f \u0431\u043e\u0439 \u0432 '{location_name}' \u0441 \u0443\u0447\u0430\u0441\u0442\u0438\u0435\u043c: {participants_str}.-location_name_key1-participants_key1-TestPlayer, Goblin] PASSED [ 77%]
tests/core/test_report_formatter.py::test_format_combat_start[en-terms.combat.starts_involving_en-Combat starts at '{location_name}' involving: {participants_str}.-location_name_key2-participants_key2-unknown participants] PASSED [ 77%]
tests/core/test_report_formatter.py::test_format_npc_action[en-actor_key0-attack-PlayerOne-deals 10 damage-.verb_npc-performs '{action_intent}'-on] PASSED [ 77%]
tests/core/test_report_formatter.py::test_format_npc_action[ru-actor_key1-guard-the treasure-successfully-.verb_npc-\u0441\u043e\u0432\u0435\u0440\u0448\u0430\u0435\u0442 '{action_intent}'-\u043d\u0430\u0434] PASSED [ 77%]
tests/core/test_report_formatter.py::test_format_npc_action[en-actor_key2-special_move-themselves--.verb_npc-performs '{action_intent}'-on] PASSED [ 77%]
tests/core/test_report_formatter.py::test_format_combat_action_with_check_result_and_relationship_details[en-10-15-2-17-16-Friendly (Formula)-2] PASSED [ 77%]
tests/core/test_report_formatter.py::test_format_combat_action_with_check_result_and_relationship_details[ru-5-8--1-7-10-\u0412\u0440\u0430\u0436\u0434\u0435\u0431\u043d\u043e\u0441\u0442\u044c (\u041f\u043e\u0440\u043e\u0433)--1] PASSED [ 78%]
tests/core/test_report_formatter.py::test_format_combat_action_with_check_result_and_relationship_details[en-0-5-0-5-10-None-None] PASSED [ 78%]
tests/core/test_report_formatter.py::test_format_item_used[en-player_key0-item_key0-target_info0-It glows faintly.-uses-on] PASSED [ 78%]
tests/core/test_report_formatter.py::test_format_item_used[ru-player_key1-item_key1-None-\u041f\u0440\u0435\u0434\u043c\u0435\u0442 \u0438\u0441\u0447\u0435\u0437\u0430\u0435\u0442.-\u0438\u0441\u043f\u043e\u043b\u044c\u0437\u0443\u0435\u0442-\u043d\u0430] PASSED [ 78%]
tests/core/test_report_formatter.py::test_format_item_used[en-player_key2-item_key2-target_info2--uses-on] PASSED [ 78%]
tests/core/test_report_formatter.py::test_format_item_dropped[en-player_key0-item_key0-1-drops] PASSED [ 78%]
tests/core/test_report_formatter.py::test_format_item_dropped[ru-player_key1-item_key1-5-\u0432\u044b\u0431\u0440\u0430\u0441\u044b\u0432\u0430\u0435\u0442] PASSED [ 78%]
tests/core/test_report_formatter.py::test_format_dialogue_start[en-player_key0-npc_key0-{player_name} starts a conversation with {npc_name}.] PASSED [ 78%]
tests/core/test_report_formatter.py::test_format_dialogue_start[ru-player_key1-npc_key1-{player_name} \u043d\u0430\u0447\u0438\u043d\u0430\u0435\u0442 \u0440\u0430\u0437\u0433\u043e\u0432\u043e\u0440 \u0441 {npc_name}.] PASSED [ 79%]
tests/core/test_report_formatter.py::test_format_dialogue_end[en-player_key0-npc_key0-{player_name} ends the conversation with {npc_name}.] PASSED [ 79%]
tests/core/test_report_formatter.py::test_format_dialogue_end[ru-player_key1-npc_key1-{player_name} \u0437\u0430\u043a\u0430\u043d\u0447\u0438\u0432\u0430\u0435\u0442 \u0440\u0430\u0437\u0433\u043e\u0432\u043e\u0440 \u0441 {npc_name}.] PASSED [ 79%]
tests/core/test_report_formatter.py::test_format_faction_change[en-entity_key0-faction_key0-Neutral-Friendly-Helped them] PASSED [ 79%]
tests/core/test_report_formatter.py::test_format_faction_change[ru-entity_key1-faction_key1-\u0412\u0440\u0430\u0436\u0434\u0435\u0431\u043d\u043e\u0441\u0442\u044c-\u041d\u0435\u0439\u0442\u0440\u0430\u043b\u0438\u0442\u0435\u0442-None] PASSED [ 79%]
tests/core/test_report_formatter.py::test_format_generic_events[en-EventType.SYSTEM_EVENT-details0-[System Event]:-Weather changed to sunny.] PASSED [ 79%]
tests/core/test_report_formatter.py::test_format_generic_events[ru-EventType.WORLD_STATE_CHANGE-details1-[World State Change]:-change: season is now winter] PASSED [ 79%]
tests/core/test_report_formatter.py::test_format_generic_events[en-EventType.MASTER_COMMAND-details2-[Master Command]:-command_name: teleport] PASSED [ 79%]
tests/core/test_report_formatter.py::test_format_generic_events[ru-EventType.ERROR_EVENT-details3-[Error Event]:-error_message: Failed to load module X.] PASSED [ 79%]
tests/core/test_report_formatter.py::test_format_generic_events[en-EventType.AI_GENERATION_TRIGGERED-details4-[Ai Generation Triggered]:-context: new_npc_for_tavern] PASSED [ 80%]
tests/core/test_report_formatter.py::test_format_generic_events[ru-EventType.TRADE_INITIATED-details5-[Trade Initiated]:-player_id: 1; npc_id: 601] PASSED [ 80%]
tests/core/test_report_formatter.py::test_format_dialogue_line[en-speaker_key0-Hello world!] PASSED [ 80%]
tests/core/test_report_formatter.py::test_format_dialogue_line[ru-speaker_key1-\u041f\u0440\u0438\u0432\u0435\u0442, \u043c\u0438\u0440!] PASSED [ 80%]
tests/core/test_report_formatter.py::test_format_dialogue_line[en-speaker_key2-No speaker in cache.] PASSED [ 80%]
tests/core/test_report_formatter.py::test_format_status_removed[en-terms.statuses.effect_ended_on_en-'{status_name}' effect has ended on {target_name}.-target_key0-status_key0] PASSED [ 80%]
tests/core/test_report_formatter.py::test_format_status_removed[ru-terms.statuses.effect_ended_on_ru-\u042d\u0444\u0444\u0435\u043a\u0442 '{status_name}' \u0437\u0430\u043a\u043e\u043d\u0447\u0438\u043b\u0441\u044f \u0434\u043b\u044f {target_name}.-target_key1-status_key1] PASSED [ 80%]
tests/core/test_report_formatter.py::test_format_quest_failed[en-ran out of time-with_reason-{player_name} has failed the quest '{quest_name}' due to: {reason}.-player_key0-quest_key0] PASSED [ 80%]
tests/core/test_report_formatter.py::test_format_quest_failed[ru-\u043a\u043e\u043d\u0447\u0438\u043b\u043e\u0441\u044c \u0432\u0440\u0435\u043c\u044f-with_reason-{player_name} \u043f\u0440\u043e\u0432\u0430\u043b\u0438\u043b(\u0430) \u0437\u0430\u0434\u0430\u043d\u0438\u0435 '{quest_name}' \u043f\u043e \u043f\u0440\u0438\u0447\u0438\u043d\u0435: {reason}.-player_key1-quest_key1] PASSED [ 81%]
tests/core/test_report_formatter.py::test_format_quest_failed[en-None-simple-{player_name} has failed the quest '{quest_name}'.-player_key2-quest_key2] PASSED [ 81%]
tests/core/test_report_formatter.py::test_format_quest_failed[ru-None-simple-{player_name} \u043f\u0440\u043e\u0432\u0430\u043b\u0438\u043b(\u0430) \u0437\u0430\u0434\u0430\u043d\u0438\u0435 '{quest_name}'.-player_key3-quest_key3] PASSED [ 81%]
tests/core/test_report_formatter.py::test_format_quest_accepted[en-terms.quests.accepted_en-{player_name} has accepted the quest: '{quest_name}'.-player_key0-quest_key0] PASSED [ 81%]
[...]
    session.add(player)
  Enable tracemalloc to get traceback where the object was allocated.
  See https://docs.pytest.org/en/stable/how-to/capture-warnings.html#resource-warnings for more info.

tests/core/test_ai_analysis_system.py::TestAIAnalysisSystem::test_calls_general_loc_prompt_for_npc_with_location_context
tests/core/test_ai_analysis_system.py::TestAIAnalysisSystem::test_calls_prepare_economic_prompt_for_item
tests/core/test_ai_analysis_system.py::TestAIAnalysisSystem::test_calls_prepare_faction_prompt_for_faction
tests/core/test_ai_analysis_system.py::TestAIAnalysisSystem::test_calls_prepare_quest_generation_prompt_for_quest
tests/core/test_ai_analysis_system.py::TestAIAnalysisSystem::test_calls_simplified_prompt_for_npc_without_location_context
tests/core/test_ai_analysis_system.py::TestAIAnalysisSystem::test_description_length_too_short
tests/core/test_ai_analysis_system.py::TestAIAnalysisSystem::test_i18n_completeness_fail
tests/core/test_ai_analysis_system.py::TestAIAnalysisSystem::test_npc_level_out_of_range
tests/core/test_ai_analysis_system.py::TestAIAnalysisSystem::test_quest_malformed_step
  /app/tests/core/test_ai_analysis_system.py:121: PydanticDeprecatedSince20: `parse_obj_as` is deprecated. Use `pydantic.TypeAdapter.validate_python` instead. Deprecated in Pydantic V2.0 to be removed in V3.0. See Pydantic V2 Migration Guide at https://errors.pydantic.dev/2.11/migration/
    actual_parser_model_instance = parse_obj_as(pydantic_model_for_parsing, mock_test_data_entity.model_dump(mode='json'))

tests/core/test_ai_analysis_system.py::TestAIAnalysisSystem::test_filtering_of_parsed_entities_item_from_economic_prompt
  /app/tests/core/test_ai_analysis_system.py:236: PydanticDeprecatedSince20: `parse_obj_as` is deprecated. Use `pydantic.TypeAdapter.validate_python` instead. Deprecated in Pydantic V2.0 to be removed in V3.0. See Pydantic V2 Migration Guide at https://errors.pydantic.dev/2.11/migration/
    actual_item = parse_obj_as(ParsedItemData, mock_item.model_dump(mode='json'))

tests/core/test_ai_analysis_system.py::TestAIAnalysisSystem::test_filtering_of_parsed_entities_item_from_economic_prompt
  /app/tests/core/test_ai_analysis_system.py:237: PydanticDeprecatedSince20: `parse_obj_as` is deprecated. Use `pydantic.TypeAdapter.validate_python` instead. Deprecated in Pydantic V2.0 to be removed in V3.0. See Pydantic V2 Migration Guide at https://errors.pydantic.dev/2.11/migration/
    actual_trader = parse_obj_as(ParsedNpcTraderData, mock_trader_dict)

tests/core/test_ai_analysis_system.py::TestAIAnalysisSystem::test_filtering_of_parsed_entities_npc_from_location_prompt
  /app/tests/core/test_ai_analysis_system.py:253: PydanticDeprecatedSince20: `parse_obj_as` is deprecated. Use `pydantic.TypeAdapter.validate_python` instead. Deprecated in Pydantic V2.0 to be removed in V3.0. See Pydantic V2 Migration Guide at https://errors.pydantic.dev/2.11/migration/
    actual_item = parse_obj_as(ParsedItemData, mock_item_to_ignore.model_dump(mode='json'))

tests/core/test_ai_analysis_system.py::TestAIAnalysisSystem::test_filtering_of_parsed_entities_npc_from_location_prompt
  /app/tests/core/test_ai_analysis_system.py:254: PydanticDeprecatedSince20: `parse_obj_as` is deprecated. Use `pydantic.TypeAdapter.validate_python` instead. Deprecated in Pydantic V2.0 to be removed in V3.0. See Pydantic V2 Migration Guide at https://errors.pydantic.dev/2.11/migration/
    actual_npc = parse_obj_as(ParsedNpcData, mock_npc_to_find.model_dump(mode='json'))

tests/core/test_ai_analysis_system.py::TestAIAnalysisSystem::test_filtering_of_parsed_entities_npc_from_location_prompt
  /app/tests/core/test_ai_analysis_system.py:255: PydanticDeprecatedSince20: `parse_obj_as` is deprecated. Use `pydantic.TypeAdapter.validate_python` instead. Deprecated in Pydantic V2.0 to be removed in V3.0. See Pydantic V2 Migration Guide at https://errors.pydantic.dev/2.11/migration/
    actual_npc_trader = parse_obj_as(ParsedNpcTraderData, mock_npc_trader_dict_to_ignore)

tests/core/test_ai_analysis_system.py::TestAIAnalysisSystem::test_key_field_missing_for_item
  /app/tests/core/test_ai_analysis_system.py:173: PydanticDeprecatedSince20: `parse_obj_as` is deprecated. Use `pydantic.TypeAdapter.validate_python` instead. Deprecated in Pydantic V2.0 to be removed in V3.0. See Pydantic V2 Migration Guide at https://errors.pydantic.dev/2.11/migration/
    parse_obj_as(ParsedItemData, item_dict_missing_required_fields)

tests/core/test_ai_analysis_system.py::TestAIAnalysisSystem::test_quest_missing_steps
  /app/tests/core/test_ai_analysis_system.py:194: PydanticDeprecatedSince20: `parse_obj_as` is deprecated. Use `pydantic.TypeAdapter.validate_python` instead. Deprecated in Pydantic V2.0 to be removed in V3.0. See Pydantic V2 Migration Guide at https://errors.pydantic.dev/2.11/migration/
    parse_obj_as(ParsedQuestData, raw_quest_data_no_steps)

tests/core/test_ai_analysis_system.py::TestAIAnalysisSystemMainFunction::test_analyze_generated_content_calls_item_specific_analyzers
  /app/tests/core/test_ai_analysis_system.py:311: PydanticDeprecatedSince20: `parse_obj_as` is deprecated. Use `pydantic.TypeAdapter.validate_python` instead. Deprecated in Pydantic V2.0 to be removed in V3.0. See Pydantic V2 Migration Guide at https://errors.pydantic.dev/2.11/migration/
    parsed_item_instance = parse_obj_as(ParsedItemData, mock_item_data.model_dump(mode='json'))

tests/core/test_ai_analysis_system.py::TestAIAnalysisSystemMainFunction::test_analyze_generated_content_calls_npc_specific_analyzers
  /app/tests/core/test_ai_analysis_system.py:323: PydanticDeprecatedSince20: `parse_obj_as` is deprecated. Use `pydantic.TypeAdapter.validate_python` instead. Deprecated in Pydantic V2.0 to be removed in V3.0. See Pydantic V2 Migration Guide at https://errors.pydantic.dev/2.11/migration/
    parsed_npc_instance = parse_obj_as(ParsedNpcData, mock_npc_data.model_dump(mode='json'))

tests/core/test_ai_analysis_system.py::TestAIAnalysisSystemMainFunction::test_analyze_generated_content_calls_quest_specific_analyzers
  /app/tests/core/test_ai_analysis_system.py:334: PydanticDeprecatedSince20: `parse_obj_as` is deprecated. Use `pydantic.TypeAdapter.validate_python` instead. Deprecated in Pydantic V2.0 to be removed in V3.0. See Pydantic V2 Migration Guide at https://errors.pydantic.dev/2.11/migration/
    parsed_quest_instance = parse_obj_as(ParsedQuestData, mock_quest_data.model_dump(mode='json'))

tests/core/test_ai_analysis_system.py::TestAIAnalysisSystemMainFunction::test_i18n_completeness_uses_guild_config_languages
  /app/tests/core/test_ai_analysis_system.py:359: PydanticDeprecatedSince20: `parse_obj_as` is deprecated. Use `pydantic.TypeAdapter.validate_python` instead. Deprecated in Pydantic V2.0 to be removed in V3.0. See Pydantic V2 Migration Guide at https://errors.pydantic.dev/2.11/migration/
    parsed_item_instance = parse_obj_as(ParsedItemData, item_missing_de_mock.model_dump(mode='json'))

tests/core/test_ai_analysis_system.py::TestAIAnalysisSystemMainFunction::test_score_aggregation
  /app/tests/core/test_ai_analysis_system.py:400: PydanticDeprecatedSince20: `parse_obj_as` is deprecated. Use `pydantic.TypeAdapter.validate_python` instead. Deprecated in Pydantic V2.0 to be removed in V3.0. See Pydantic V2 Migration Guide at https://errors.pydantic.dev/2.11/migration/
    parsed_item_instance = parse_obj_as(ParsedItemData, mock_item_data_mock.model_dump(mode='json'))

tests/core/test_ai_analysis_system.py::TestAIAnalysisSystemMainFunction::test_uniqueness_check_duplicate_name_i18n
  /app/tests/core/test_ai_analysis_system.py:386: PydanticDeprecatedSince20: `parse_obj_as` is deprecated. Use `pydantic.TypeAdapter.validate_python` instead. Deprecated in Pydantic V2.0 to be removed in V3.0. See Pydantic V2 Migration Guide at https://errors.pydantic.dev/2.11/migration/
    parsed_item1 = parse_obj_as(ParsedItemData, item1_mock.model_dump(mode='json'))

tests/core/test_ai_analysis_system.py::TestAIAnalysisSystemMainFunction::test_uniqueness_check_duplicate_name_i18n
  /app/tests/core/test_ai_analysis_system.py:387: PydanticDeprecatedSince20: `parse_obj_as` is deprecated. Use `pydantic.TypeAdapter.validate_python` instead. Deprecated in Pydantic V2.0 to be removed in V3.0. See Pydantic V2 Migration Guide at https://errors.pydantic.dev/2.11/migration/
    parsed_item2 = parse_obj_as(ParsedItemData, item2_mock.model_dump(mode='json'))

tests/core/test_ai_analysis_system.py::TestAIAnalysisSystemMainFunction::test_uniqueness_check_duplicate_static_id
  /app/tests/core/test_ai_analysis_system.py:373: PydanticDeprecatedSince20: `parse_obj_as` is deprecated. Use `pydantic.TypeAdapter.validate_python` instead. Deprecated in Pydantic V2.0 to be removed in V3.0. See Pydantic V2 Migration Guide at https://errors.pydantic.dev/2.11/migration/
    parsed_item1 = parse_obj_as(ParsedItemData, item1_mock.model_dump(mode='json'))

tests/core/test_ai_analysis_system.py::TestAIAnalysisSystemMainFunction::test_uniqueness_check_duplicate_static_id
  /app/tests/core/test_ai_analysis_system.py:374: PydanticDeprecatedSince20: `parse_obj_as` is deprecated. Use `pydantic.TypeAdapter.validate_python` instead. Deprecated in Pydantic V2.0 to be removed in V3.0. See Pydantic V2 Migration Guide at https://errors.pydantic.dev/2.11/migration/
    parsed_item2 = parse_obj_as(ParsedItemData, item2_mock.model_dump(mode='json'))

tests/core/test_ai_analysis_system.py::TestQuestItemBalanceAnalysis::test_quest_items_correct_amount_is_good_score
tests/core/test_ai_analysis_system.py::TestQuestItemBalanceAnalysis::test_quest_items_no_rewards_is_neutral
tests/core/test_ai_analysis_system.py::TestQuestItemBalanceAnalysis::test_quest_items_per_level_range_above_all_thresholds
tests/core/test_ai_analysis_system.py::TestQuestItemBalanceAnalysis::test_quest_items_per_level_range_empty_rule_uses_default_max
tests/core/test_ai_analysis_system.py::TestQuestItemBalanceAnalysis::test_quest_items_per_level_range_malformed_rule_uses_default_max_from_code
tests/core/test_ai_analysis_system.py::TestQuestItemBalanceAnalysis::test_quest_items_per_level_range_match_first_threshold
tests/core/test_ai_analysis_system.py::TestQuestItemBalanceAnalysis::test_quest_items_per_level_range_match_second_threshold
  /app/tests/core/test_ai_analysis_system.py:480: PydanticDeprecatedSince20: `parse_obj_as` is deprecated. Use `pydantic.TypeAdapter.validate_python` instead. Deprecated in Pydantic V2.0 to be removed in V3.0. See Pydantic V2 Migration Guide at https://errors.pydantic.dev/2.11/migration/
    parsed_quest_instance = parse_obj_as(ParsedQuestData, mock_quest.model_dump(mode='json'))

tests/core/test_ai_response_parser.py: 13 warnings
  /app/src/core/ai_response_parser.py:340: PydanticDeprecatedSince20: `parse_obj_as` is deprecated. Use `pydantic.TypeAdapter.validate_python` instead. Deprecated in Pydantic V2.0 to be removed in V3.0. See Pydantic V2 Migration Guide at https://errors.pydantic.dev/2.11/migration/
    validated_entity = parse_obj_as(GeneratedEntity, entity_data) # type: ignore[arg-type]

tests/core/test_turn_controller.py::test_process_guild_turn_one_player_pending
tests/core/test_turn_controller.py::test_process_guild_turn_releases_lock_on_exception
tests/core/test_turn_controller.py::test_process_guild_turn_multiple_entities
  /app/src/core/turn_controller.py:75: RuntimeWarning: coroutine 'AsyncMockMixin._execute_mock_call' was never awaited
    session.add(player)
  Enable tracemalloc to get traceback where the object was allocated.
  See https://docs.pytest.org/en/stable/how-to/capture-warnings.html#resource-warnings for more info.

tests/core/test_turn_controller.py::test_process_guild_turn_one_party_pending_with_member
  /home/jules/.pyenv/versions/3.12.11/lib/python3.12/inspect.py:3076: RuntimeWarning: coroutine 'AsyncMockMixin._execute_mock_call' was never awaited
    params = OrderedDict((param.name, param) for param in parameters)
  Enable tracemalloc to get traceback where the object was allocated.
  See https://docs.pytest.org/en/stable/how-to/capture-warnings.html#resource-warnings for more info.

tests/core/test_turn_controller.py::test_process_guild_turn_one_party_pending_with_member
tests/core/test_turn_controller.py::test_process_guild_turn_multiple_entities
  /app/src/core/turn_controller.py:81: RuntimeWarning: coroutine 'AsyncMockMixin._execute_mock_call' was never awaited
    session.add(party)
  Enable tracemalloc to get traceback where the object was allocated.
  See https://docs.pytest.org/en/stable/how-to/capture-warnings.html#resource-warnings for more info.

tests/core/test_turn_controller.py::test_process_guild_turn_one_party_pending_with_member
tests/core/test_turn_controller.py::test_process_guild_turn_multiple_entities
  /app/src/core/turn_controller.py:93: RuntimeWarning: coroutine 'AsyncMockMixin._execute_mock_call' was never awaited
    session.add(member_player)
  Enable tracemalloc to get traceback where the object was allocated.
  See https://docs.pytest.org/en/stable/how-to/capture-warnings.html#resource-warnings for more info.

tests/core/test_turn_controller.py::test_process_guild_turn_releases_lock_on_exception
  /home/jules/.pyenv/versions/3.12.11/lib/python3.12/unittest/mock.py:1134: RuntimeWarning: coroutine 'AsyncMockMixin._execute_mock_call' was never awaited
    def __call__(self, /, *args, **kwargs):
  Enable tracemalloc to get traceback where the object was allocated.
  See https://docs.pytest.org/en/stable/how-to/capture-warnings.html#resource-warnings for more info.

tests/core/test_turn_controller.py::test_process_guild_turn_releases_lock_on_exception
  /home/jules/.pyenv/versions/3.12.11/lib/python3.12/site-packages/_pytest/stash.py:108: RuntimeWarning: coroutine 'test_process_guild_turn_releases_lock_on_exception.<locals>.sync_simulated_create_task.<locals>.run_coro_and_catch_exception' was never awaited
    del self._storage[key]
  Enable tracemalloc to get traceback where the object was allocated.
  See https://docs.pytest.org/en/stable/how-to/capture-warnings.html#resource-warnings for more info.

tests/core/test_world_generation.py::TestWorldGeneration::test_generate_factions_and_relationships_parsing_error
  /home/jules/.pyenv/versions/3.12.11/lib/python3.12/unittest/mock.py:2217: RuntimeWarning: coroutine 'AsyncMockMixin._execute_mock_call' was never awaited
    def __init__(self, name, parent):
  Enable tracemalloc to get traceback where the object was allocated.
  See https://docs.pytest.org/en/stable/how-to/capture-warnings.html#resource-warnings for more info.

tests/models/test_combat_encounter.py::TestCombatEncounterModel::test_repr_method
  /app/tests/models/test_combat_encounter.py:37: SAWarning: Can't sort tables for DROP; an unresolvable foreign key dependency exists between tables: generated_factions, generated_npcs, global_npcs, mobile_groups; and backend does not support ALTER.  To restore at least a partial sort, apply use_alter=True to ForeignKey and ForeignKeyConstraint objects involved in the cycle to mark these as known cycles that will be ignored.
    Base.metadata.drop_all(cls.engine)

tests/models/test_inventory_item.py::TestInventoryItemModel::test_create_inventory_item_all_fields
tests/models/test_inventory_item.py::TestInventoryItemModel::test_create_inventory_item_minimal
tests/models/test_inventory_item.py::TestInventoryItemModel::test_inventory_item_relationship_to_item
tests/models/test_inventory_item.py::TestInventoryItemModel::test_inventory_item_repr
  /app/tests/models/test_inventory_item.py:42: SAWarning: Can't sort tables for DROP; an unresolvable foreign key dependency exists between tables: generated_factions, generated_npcs, global_npcs, mobile_groups; and backend does not support ALTER.  To restore at least a partial sort, apply use_alter=True to ForeignKey and ForeignKeyConstraint objects involved in the cycle to mark these as known cycles that will be ignored.
    Base.metadata.drop_all(bind=engine)

tests/models/test_item.py::TestItemModel::test_create_item_all_fields
tests/models/test_item.py::TestItemModel::test_create_item_minimal
tests/models/test_item.py::TestItemModel::test_item_repr
  /app/tests/models/test_item.py:30: SAWarning: Can't sort tables for DROP; an unresolvable foreign key dependency exists between tables: generated_factions, generated_npcs, global_npcs, mobile_groups; and backend does not support ALTER.  To restore at least a partial sort, apply use_alter=True to ForeignKey and ForeignKeyConstraint objects involved in the cycle to mark these as known cycles that will be ignored.
    Base.metadata.drop_all(bind=engine)

tests/models/test_location.py::TestLocationModel::test_location_repr_no_en_name
  /app/tests/models/test_location.py:81: SAWarning: Can't sort tables for DROP; an unresolvable foreign key dependency exists between tables: generated_factions, generated_npcs, global_npcs, mobile_groups; and backend does not support ALTER.  To restore at least a partial sort, apply use_alter=True to ForeignKey and ForeignKeyConstraint objects involved in the cycle to mark these as known cycles that will be ignored.
    Base.metadata.drop_all(cls.engine)

tests/models/test_status_effect.py::TestStatusEffectModels::test_active_status_effect_repr
tests/models/test_status_effect.py::TestStatusEffectModels::test_create_active_status_effect
tests/models/test_status_effect.py::TestStatusEffectModels::test_create_status_effect
tests/models/test_status_effect.py::TestStatusEffectModels::test_status_effect_repr
  /app/tests/models/test_status_effect.py:50: SAWarning: Cannot correctly sort tables; there are unresolvable cycles between tables "generated_factions, generated_npcs, global_npcs, mobile_groups", which is usually caused by mutually dependent foreign key constraints.  Foreign key constraints involving these tables will not be considered; this warning may raise an error in a future release.
    for table in reversed(Base.metadata.sorted_tables):

tests/models/test_status_effect.py::TestStatusEffectModels::test_status_effect_repr
  /app/tests/models/test_status_effect.py:38: SAWarning: Can't sort tables for DROP; an unresolvable foreign key dependency exists between tables: generated_factions, generated_npcs, global_npcs, mobile_groups; and backend does not support ALTER.  To restore at least a partial sort, apply use_alter=True to ForeignKey and ForeignKeyConstraint objects involved in the cycle to mark these as known cycles that will be ignored.
    Base.metadata.drop_all(bind=engine)

tests/test_main.py::test_main_success
  /home/jules/.pyenv/versions/3.12.11/lib/python3.12/site-packages/websockets/legacy/__init__.py:6: DeprecationWarning: websockets.legacy is deprecated; see https://websockets.readthedocs.io/en/stable/howto/upgrade.html for upgrade instructions
    warnings.warn(  # deprecated in 14.0 - 2024-11-09

tests/test_main.py::test_main_success
  /home/jules/.pyenv/versions/3.12.11/lib/python3.12/site-packages/uvicorn/protocols/websockets/websockets_impl.py:17: DeprecationWarning: websockets.server.WebSocketServerProtocol is deprecated
    from websockets.server import WebSocketServerProtocol

-- Docs: https://docs.pytest.org/en/stable/how-to/capture-warnings.html
=========================== short test summary info ============================
FAILED tests/bot/commands/test_party_commands.py::TestPartyCommands::test_party_join_moves_player_location
FAILED tests/bot/commands/test_party_commands.py::TestPartyCommands::test_party_join_success_by_name
FAILED tests/core/test_action_processor.py::test_process_player_message_for_nlu_player_in_dialogue
!!!!!!!!!!!!!!!!!!!!! KeyboardInterrupt: Simulated Ctrl+C !!!!!!!!!!!!!!!!!!!!!!
/home/jules/.pyenv/versions/3.12.11/lib/python3.12/unittest/mock.py:2291: KeyboardInterrupt: Simulated Ctrl+C
(to show a full traceback on KeyboardInterrupt use --full-trace)
===== 3 failed, 833 passed, 14 xfailed, 190 warnings in 100.18s (0:01:40) ======
